2021-12-09 14:10:40,823 - e:\python\100day\datatype.py[line:64] - DEBUG: debug
2021-12-09 14:10:40,824 - e:\python\100day\datatype.py[line:65] - INFO: info
2021-12-09 14:10:40,824 - e:\python\100day\datatype.py[line:66] - WARNING: 警告
2021-12-09 14:10:40,824 - e:\python\100day\datatype.py[line:67] - ERROR: 报错
2021-12-09 14:10:40,825 - e:\python\100day\datatype.py[line:68] - CRITICAL: 严重
2021-12-09 14:11:37,154 - e:\python\100day\sc\logger.py[line:33] - DEBUG: debug
2021-12-09 14:11:37,155 - e:\python\100day\sc\logger.py[line:34] - INFO: info
2021-12-09 14:11:37,156 - e:\python\100day\sc\logger.py[line:35] - WARNING: 警告
2021-12-09 14:11:37,156 - e:\python\100day\sc\logger.py[line:36] - ERROR: 报错
2021-12-09 14:11:37,159 - e:\python\100day\sc\logger.py[line:37] - CRITICAL: 严重
2021-12-09 14:20:45,759 - e:\python\100day\datatype.py[line:64] - DEBUG: debug
2021-12-09 14:20:45,760 - e:\python\100day\datatype.py[line:65] - INFO: info
2021-12-09 14:20:45,761 - e:\python\100day\datatype.py[line:66] - WARNING: 警告
2021-12-09 14:20:45,762 - e:\python\100day\datatype.py[line:67] - ERROR: 报错
2021-12-09 14:20:45,764 - e:\python\100day\datatype.py[line:68] - CRITICAL: 严重
2021-12-09 14:28:43,211 - E:\python\100day\datatype.py[line:64] - DEBUG: debug
2021-12-09 14:28:43,212 - E:\python\100day\datatype.py[line:65] - INFO: info
2021-12-09 14:28:43,214 - E:\python\100day\datatype.py[line:66] - WARNING: 警告
2021-12-09 14:28:43,214 - E:\python\100day\datatype.py[line:67] - ERROR: 报错
2021-12-09 14:28:43,215 - E:\python\100day\datatype.py[line:68] - CRITICAL: 严重
