[2022-01-07 14:26:36,993]-[CasSystemScrapy.py]-[<module>]-[810]-12s: [INFO]-8s>> 开始获取BWF Cookie
[2022-01-07 14:26:37,008]-[CasSystemScrapy.py]-[<module>]-[817]-12s: [INFO]-8s>> 开始获取用车申请单列表信息
[2022-01-07 14:26:43,734]-[CasSystemScrapy.py]-[<module>]-[821]-12s: [INFO]-8s>> 开始获取用车申请单-取消，退回 列表信息
[2022-01-07 14:26:44,543]-[CasSystemScrapy.py]-[<module>]-[831]-12s: [INFO]-8s>> 开始对用车申请列表进行处理
[2022-01-07 14:27:06,727]-[CasSystemScrapy.py]-[<module>]-[810]-12s: [INFO]-8s>> 开始获取BWF Cookie
[2022-01-07 14:27:06,727]-[CasSystemScrapy.py]-[<module>]-[810]-12s: [INFO]-8s>> 开始获取BWF Cookie
[2022-01-07 14:27:06,729]-[CasSystemScrapy.py]-[<module>]-[817]-12s: [INFO]-8s>> 开始获取用车申请单列表信息
[2022-01-07 14:27:06,729]-[CasSystemScrapy.py]-[<module>]-[817]-12s: [INFO]-8s>> 开始获取用车申请单列表信息
[2022-01-07 14:27:09,346]-[CasSystemScrapy.py]-[<module>]-[821]-12s: [INFO]-8s>> 开始获取用车申请单-取消，退回 列表信息
[2022-01-07 14:27:09,346]-[CasSystemScrapy.py]-[<module>]-[821]-12s: [INFO]-8s>> 开始获取用车申请单-取消，退回 列表信息
[2022-01-07 14:27:09,875]-[CasSystemScrapy.py]-[<module>]-[831]-12s: [INFO]-8s>> 开始对用车申请列表进行处理
[2022-01-07 14:27:09,875]-[CasSystemScrapy.py]-[<module>]-[831]-12s: [INFO]-8s>> 开始对用车申请列表进行处理
[2022-01-07 14:32:18,755]-[CasSystemScrapy.py]-[<module>]-[810]-12s: [INFO]-8s>> 开始获取BWF Cookie
[2022-01-07 14:32:18,755]-[CasSystemScrapy.py]-[<module>]-[810]-12s: [INFO]-8s>> 开始获取BWF Cookie
[2022-01-07 14:32:18,756]-[CasSystemScrapy.py]-[<module>]-[817]-12s: [INFO]-8s>> 开始获取用车申请单列表信息
[2022-01-07 14:32:18,756]-[CasSystemScrapy.py]-[<module>]-[817]-12s: [INFO]-8s>> 开始获取用车申请单列表信息
[2022-01-07 14:33:01,694]-[CasSystemScrapy.py]-[<module>]-[810]-12s: [INFO]-8s>> 开始获取BWF Cookie
[2022-01-07 14:33:01,694]-[CasSystemScrapy.py]-[<module>]-[810]-12s: [INFO]-8s>> 开始获取BWF Cookie
[2022-01-07 14:33:01,695]-[CasSystemScrapy.py]-[<module>]-[817]-12s: [INFO]-8s>> 开始获取用车申请单列表信息
[2022-01-07 14:33:01,695]-[CasSystemScrapy.py]-[<module>]-[817]-12s: [INFO]-8s>> 开始获取用车申请单列表信息
[2022-01-07 14:33:04,219]-[CasSystemScrapy.py]-[<module>]-[821]-12s: [INFO]-8s>> 开始获取用车申请单-取消，退回 列表信息
[2022-01-07 14:33:04,219]-[CasSystemScrapy.py]-[<module>]-[821]-12s: [INFO]-8s>> 开始获取用车申请单-取消，退回 列表信息
[2022-01-07 14:33:04,801]-[CasSystemScrapy.py]-[<module>]-[831]-12s: [INFO]-8s>> 开始对用车申请列表进行处理
[2022-01-07 14:33:04,801]-[CasSystemScrapy.py]-[<module>]-[831]-12s: [INFO]-8s>> 开始对用车申请列表进行处理
[2022-01-07 14:35:17,328]-[CasSystemScrapy.py]-[<module>]-[815]-12s: [INFO]-8s>> 开始获取BWF Cookie
[2022-01-07 14:35:17,328]-[CasSystemScrapy.py]-[<module>]-[815]-12s: [INFO]-8s>> 开始获取BWF Cookie
[2022-01-07 14:35:17,329]-[CasSystemScrapy.py]-[<module>]-[822]-12s: [INFO]-8s>> 开始获取用车申请单列表信息
[2022-01-07 14:35:17,329]-[CasSystemScrapy.py]-[<module>]-[822]-12s: [INFO]-8s>> 开始获取用车申请单列表信息
[2022-01-07 14:35:25,589]-[CasSystemScrapy.py]-[<module>]-[826]-12s: [INFO]-8s>> 开始获取用车申请单-取消，退回 列表信息
[2022-01-07 14:35:25,589]-[CasSystemScrapy.py]-[<module>]-[826]-12s: [INFO]-8s>> 开始获取用车申请单-取消，退回 列表信息
[2022-01-07 14:35:27,391]-[CasSystemScrapy.py]-[<module>]-[836]-12s: [INFO]-8s>> 开始对用车申请列表进行处理
[2022-01-07 14:35:27,391]-[CasSystemScrapy.py]-[<module>]-[836]-12s: [INFO]-8s>> 开始对用车申请列表进行处理
[2022-01-07 14:37:09,272]-[CasSystemScrapy.py]-[<module>]-[815]-12s: [INFO]-8s>> 开始获取BWF Cookie
[2022-01-07 14:37:09,272]-[CasSystemScrapy.py]-[<module>]-[815]-12s: [INFO]-8s>> 开始获取BWF Cookie
[2022-01-07 14:37:09,274]-[CasSystemScrapy.py]-[<module>]-[822]-12s: [INFO]-8s>> 开始获取用车申请单列表信息
[2022-01-07 14:37:09,274]-[CasSystemScrapy.py]-[<module>]-[822]-12s: [INFO]-8s>> 开始获取用车申请单列表信息
[2022-01-07 14:37:15,168]-[CasSystemScrapy.py]-[<module>]-[826]-12s: [INFO]-8s>> 开始获取用车申请单-取消，退回 列表信息
[2022-01-07 14:37:15,168]-[CasSystemScrapy.py]-[<module>]-[826]-12s: [INFO]-8s>> 开始获取用车申请单-取消，退回 列表信息
[2022-01-07 14:37:15,754]-[CasSystemScrapy.py]-[<module>]-[836]-12s: [INFO]-8s>> 开始对用车申请列表进行处理
[2022-01-07 14:37:15,754]-[CasSystemScrapy.py]-[<module>]-[836]-12s: [INFO]-8s>> 开始对用车申请列表进行处理
[2022-01-07 14:37:19,555]-[baiduapi.py]-[get_place_accuracy_direction]-[150]-12s: [ERROR]-8s>> 查询地点信息出错！：Unexpected Error: HTTPSConnectionPool(host='api.map.baidu.com', port=443): Max retries exceeded with url: /place/v2/search?query=%E4%B8%9C%E8%8E%9E%E5%B8%82%E7%9F%B3%E9%BE%99%E9%95%87%E9%BB%84%E6%B4%B2%E4%BA%AC%E7%93%B7%E8%B7%AF8%E5%8F%B7&region=%E4%B8%9C%E8%8E%9E%E5%B8%82&output=json&ak=5FOb4Fa180itR3lIYyhC2MU7FQEsdBbq (Caused by SSLError(SSLError(1, '[SSL: WRONG_VERSION_NUMBER] wrong version number (_ssl.c:1076)')))
[2022-01-07 14:37:19,555]-[baiduapi.py]-[get_place_accuracy_direction]-[150]-12s: [ERROR]-8s>> 查询地点信息出错！：Unexpected Error: HTTPSConnectionPool(host='api.map.baidu.com', port=443): Max retries exceeded with url: /place/v2/search?query=%E4%B8%9C%E8%8E%9E%E5%B8%82%E7%9F%B3%E9%BE%99%E9%95%87%E9%BB%84%E6%B4%B2%E4%BA%AC%E7%93%B7%E8%B7%AF8%E5%8F%B7&region=%E4%B8%9C%E8%8E%9E%E5%B8%82&output=json&ak=5FOb4Fa180itR3lIYyhC2MU7FQEsdBbq (Caused by SSLError(SSLError(1, '[SSL: WRONG_VERSION_NUMBER] wrong version number (_ssl.c:1076)')))
[2022-01-07 14:37:19,588]-[baiduapi.py]-[get_place_accuracy_direction]-[150]-12s: [ERROR]-8s>> 查询地点信息出错！：Unexpected Error: HTTPSConnectionPool(host='api.map.baidu.com', port=443): Max retries exceeded with url: /place/v2/search?query=KDTCN%28%E6%AD%A3%E9%97%A8%29&region=%E4%B8%9C%E8%8E%9E%E5%B8%82&output=json&ak=5FOb4Fa180itR3lIYyhC2MU7FQEsdBbq (Caused by SSLError(SSLError(1, '[SSL: WRONG_VERSION_NUMBER] wrong version number (_ssl.c:1076)')))
[2022-01-07 14:37:19,588]-[baiduapi.py]-[get_place_accuracy_direction]-[150]-12s: [ERROR]-8s>> 查询地点信息出错！：Unexpected Error: HTTPSConnectionPool(host='api.map.baidu.com', port=443): Max retries exceeded with url: /place/v2/search?query=KDTCN%28%E6%AD%A3%E9%97%A8%29&region=%E4%B8%9C%E8%8E%9E%E5%B8%82&output=json&ak=5FOb4Fa180itR3lIYyhC2MU7FQEsdBbq (Caused by SSLError(SSLError(1, '[SSL: WRONG_VERSION_NUMBER] wrong version number (_ssl.c:1076)')))
[2022-01-07 14:37:19,590]-[baiduapi.py]-[get_driving_direction]-[65]-12s: [ERROR]-8s>> 调用百度api获取地点信息出错！：出发点和目的地: SKC-------KDTCN(正门)
[2022-01-07 14:37:19,590]-[baiduapi.py]-[get_driving_direction]-[65]-12s: [ERROR]-8s>> 调用百度api获取地点信息出错！：出发点和目的地: SKC-------KDTCN(正门)
[2022-01-07 14:37:19,591]-[CasSystemScrapy.py]-[insert_CasTravel]-[396]-12s: [ERROR]-8s>> 将派车单号GA-202112-105新增转化为sql出错：Unexpected Error: 0
[2022-01-07 14:37:19,591]-[CasSystemScrapy.py]-[insert_CasTravel]-[396]-12s: [ERROR]-8s>> 将派车单号GA-202112-105新增转化为sql出错：Unexpected Error: 0
[2022-01-07 14:37:20,170]-[baiduapi.py]-[get_place_accuracy_direction]-[150]-12s: [ERROR]-8s>> 查询地点信息出错！：Unexpected Error: HTTPSConnectionPool(host='api.map.baidu.com', port=443): Max retries exceeded with url: /place/v2/search?query=%E4%B8%9C%E8%8E%9E%E5%B8%82%E7%9F%B3%E9%BE%99%E9%95%87%E9%BB%84%E6%B4%B2%E4%BA%AC%E7%93%B7%E8%B7%AF8%E5%8F%B7&region=%E4%B8%9C%E8%8E%9E%E5%B8%82&output=json&ak=5FOb4Fa180itR3lIYyhC2MU7FQEsdBbq (Caused by SSLError(SSLError(1, '[SSL: WRONG_VERSION_NUMBER] wrong version number (_ssl.c:1076)')))
[2022-01-07 14:37:20,170]-[baiduapi.py]-[get_place_accuracy_direction]-[150]-12s: [ERROR]-8s>> 查询地点信息出错！：Unexpected Error: HTTPSConnectionPool(host='api.map.baidu.com', port=443): Max retries exceeded with url: /place/v2/search?query=%E4%B8%9C%E8%8E%9E%E5%B8%82%E7%9F%B3%E9%BE%99%E9%95%87%E9%BB%84%E6%B4%B2%E4%BA%AC%E7%93%B7%E8%B7%AF8%E5%8F%B7&region=%E4%B8%9C%E8%8E%9E%E5%B8%82&output=json&ak=5FOb4Fa180itR3lIYyhC2MU7FQEsdBbq (Caused by SSLError(SSLError(1, '[SSL: WRONG_VERSION_NUMBER] wrong version number (_ssl.c:1076)')))
[2022-01-07 14:37:20,205]-[baiduapi.py]-[get_place_accuracy_direction]-[150]-12s: [ERROR]-8s>> 查询地点信息出错！：Unexpected Error: HTTPSConnectionPool(host='api.map.baidu.com', port=443): Max retries exceeded with url: /place/v2/search?query=%E5%B9%BF%E4%B8%9C%E7%A7%91%E6%8A%80%E5%AD%A6%E9%99%A2&region=%E4%B8%9C%E8%8E%9E%E5%B8%82&output=json&ak=5FOb4Fa180itR3lIYyhC2MU7FQEsdBbq (Caused by SSLError(SSLError(1, '[SSL: WRONG_VERSION_NUMBER] wrong version number (_ssl.c:1076)')))
[2022-01-07 14:37:20,205]-[baiduapi.py]-[get_place_accuracy_direction]-[150]-12s: [ERROR]-8s>> 查询地点信息出错！：Unexpected Error: HTTPSConnectionPool(host='api.map.baidu.com', port=443): Max retries exceeded with url: /place/v2/search?query=%E5%B9%BF%E4%B8%9C%E7%A7%91%E6%8A%80%E5%AD%A6%E9%99%A2&region=%E4%B8%9C%E8%8E%9E%E5%B8%82&output=json&ak=5FOb4Fa180itR3lIYyhC2MU7FQEsdBbq (Caused by SSLError(SSLError(1, '[SSL: WRONG_VERSION_NUMBER] wrong version number (_ssl.c:1076)')))
[2022-01-07 14:37:20,207]-[baiduapi.py]-[get_driving_direction]-[65]-12s: [ERROR]-8s>> 调用百度api获取地点信息出错！：出发点和目的地: KOPD-------广东科技学院
[2022-01-07 14:37:20,207]-[baiduapi.py]-[get_driving_direction]-[65]-12s: [ERROR]-8s>> 调用百度api获取地点信息出错！：出发点和目的地: KOPD-------广东科技学院
[2022-01-07 14:37:20,207]-[CasSystemScrapy.py]-[insert_CasTravel]-[396]-12s: [ERROR]-8s>> 将派车单号GA-202112-102新增转化为sql出错：Unexpected Error: 0
[2022-01-07 14:37:20,207]-[CasSystemScrapy.py]-[insert_CasTravel]-[396]-12s: [ERROR]-8s>> 将派车单号GA-202112-102新增转化为sql出错：Unexpected Error: 0
[2022-01-07 14:37:21,121]-[baiduapi.py]-[get_place_accuracy_direction]-[150]-12s: [ERROR]-8s>> 查询地点信息出错！：Unexpected Error: HTTPSConnectionPool(host='api.map.baidu.com', port=443): Max retries exceeded with url: /place/v2/search?query=%E4%B8%9C%E8%8E%9E%E5%B8%82%E7%9F%B3%E9%BE%99%E9%95%87%E9%BB%84%E6%B4%B2%E4%BA%AC%E7%93%B7%E8%B7%AF8%E5%8F%B7&region=%E4%B8%9C%E8%8E%9E%E5%B8%82&output=json&ak=5FOb4Fa180itR3lIYyhC2MU7FQEsdBbq (Caused by SSLError(SSLError(1, '[SSL: WRONG_VERSION_NUMBER] wrong version number (_ssl.c:1076)')))
[2022-01-07 14:37:21,121]-[baiduapi.py]-[get_place_accuracy_direction]-[150]-12s: [ERROR]-8s>> 查询地点信息出错！：Unexpected Error: HTTPSConnectionPool(host='api.map.baidu.com', port=443): Max retries exceeded with url: /place/v2/search?query=%E4%B8%9C%E8%8E%9E%E5%B8%82%E7%9F%B3%E9%BE%99%E9%95%87%E9%BB%84%E6%B4%B2%E4%BA%AC%E7%93%B7%E8%B7%AF8%E5%8F%B7&region=%E4%B8%9C%E8%8E%9E%E5%B8%82&output=json&ak=5FOb4Fa180itR3lIYyhC2MU7FQEsdBbq (Caused by SSLError(SSLError(1, '[SSL: WRONG_VERSION_NUMBER] wrong version number (_ssl.c:1076)')))
[2022-01-07 14:37:21,161]-[baiduapi.py]-[get_place_accuracy_direction]-[150]-12s: [ERROR]-8s>> 查询地点信息出错！：Unexpected Error: HTTPSConnectionPool(host='api.map.baidu.com', port=443): Max retries exceeded with url: /place/v2/search?query=%E5%B9%BF%E4%B8%9C%E7%A7%91%E6%8A%80%E5%AD%A6%E9%99%A2%EF%BC%88%E5%8D%97%E5%9F%8E%E6%A0%A1%E5%8C%BA%EF%BC%89%E5%8C%97%E9%97%A8&region=%E4%B8%9C%E8%8E%9E%E5%B8%82&output=json&ak=5FOb4Fa180itR3lIYyhC2MU7FQEsdBbq (Caused by SSLError(SSLError(1, '[SSL: WRONG_VERSION_NUMBER] wrong version number (_ssl.c:1076)')))
[2022-01-07 14:37:21,161]-[baiduapi.py]-[get_place_accuracy_direction]-[150]-12s: [ERROR]-8s>> 查询地点信息出错！：Unexpected Error: HTTPSConnectionPool(host='api.map.baidu.com', port=443): Max retries exceeded with url: /place/v2/search?query=%E5%B9%BF%E4%B8%9C%E7%A7%91%E6%8A%80%E5%AD%A6%E9%99%A2%EF%BC%88%E5%8D%97%E5%9F%8E%E6%A0%A1%E5%8C%BA%EF%BC%89%E5%8C%97%E9%97%A8&region=%E4%B8%9C%E8%8E%9E%E5%B8%82&output=json&ak=5FOb4Fa180itR3lIYyhC2MU7FQEsdBbq (Caused by SSLError(SSLError(1, '[SSL: WRONG_VERSION_NUMBER] wrong version number (_ssl.c:1076)')))
[2022-01-07 14:37:21,163]-[baiduapi.py]-[get_driving_direction]-[65]-12s: [ERROR]-8s>> 调用百度api获取地点信息出错！：出发点和目的地: SKC-------广东科技学院（南城校区）北门
[2022-01-07 14:37:21,163]-[baiduapi.py]-[get_driving_direction]-[65]-12s: [ERROR]-8s>> 调用百度api获取地点信息出错！：出发点和目的地: SKC-------广东科技学院（南城校区）北门
[2022-01-07 14:37:21,198]-[baiduapi.py]-[get_place_accuracy_direction]-[150]-12s: [ERROR]-8s>> 查询地点信息出错！：Unexpected Error: HTTPSConnectionPool(host='api.map.baidu.com', port=443): Max retries exceeded with url: /place/v2/search?query=%E5%B9%BF%E4%B8%9C%E7%A7%91%E6%8A%80%E5%AD%A6%E9%99%A2%EF%BC%88%E5%8D%97%E5%9F%8E%E6%A0%A1%E5%8C%BA%EF%BC%89%E5%8C%97%E9%97%A8&region=%E4%B8%9C%E8%8E%9E%E5%B8%82&output=json&ak=5FOb4Fa180itR3lIYyhC2MU7FQEsdBbq (Caused by SSLError(SSLError(1, '[SSL: WRONG_VERSION_NUMBER] wrong version number (_ssl.c:1076)')))
[2022-01-07 14:37:21,198]-[baiduapi.py]-[get_place_accuracy_direction]-[150]-12s: [ERROR]-8s>> 查询地点信息出错！：Unexpected Error: HTTPSConnectionPool(host='api.map.baidu.com', port=443): Max retries exceeded with url: /place/v2/search?query=%E5%B9%BF%E4%B8%9C%E7%A7%91%E6%8A%80%E5%AD%A6%E9%99%A2%EF%BC%88%E5%8D%97%E5%9F%8E%E6%A0%A1%E5%8C%BA%EF%BC%89%E5%8C%97%E9%97%A8&region=%E4%B8%9C%E8%8E%9E%E5%B8%82&output=json&ak=5FOb4Fa180itR3lIYyhC2MU7FQEsdBbq (Caused by SSLError(SSLError(1, '[SSL: WRONG_VERSION_NUMBER] wrong version number (_ssl.c:1076)')))
[2022-01-07 14:37:21,238]-[baiduapi.py]-[get_place_accuracy_direction]-[150]-12s: [ERROR]-8s>> 查询地点信息出错！：Unexpected Error: HTTPSConnectionPool(host='api.map.baidu.com', port=443): Max retries exceeded with url: /place/v2/search?query=%E4%B8%9C%E8%8E%9E%E5%B8%82%E7%9F%B3%E9%BE%99%E9%95%87%E9%BB%84%E6%B4%B2%E4%BA%AC%E7%93%B7%E8%B7%AF8%E5%8F%B7&region=%E4%B8%9C%E8%8E%9E%E5%B8%82&output=json&ak=5FOb4Fa180itR3lIYyhC2MU7FQEsdBbq (Caused by SSLError(SSLError(1, '[SSL: WRONG_VERSION_NUMBER] wrong version number (_ssl.c:1076)')))
[2022-01-07 14:37:21,238]-[baiduapi.py]-[get_place_accuracy_direction]-[150]-12s: [ERROR]-8s>> 查询地点信息出错！：Unexpected Error: HTTPSConnectionPool(host='api.map.baidu.com', port=443): Max retries exceeded with url: /place/v2/search?query=%E4%B8%9C%E8%8E%9E%E5%B8%82%E7%9F%B3%E9%BE%99%E9%95%87%E9%BB%84%E6%B4%B2%E4%BA%AC%E7%93%B7%E8%B7%AF8%E5%8F%B7&region=%E4%B8%9C%E8%8E%9E%E5%B8%82&output=json&ak=5FOb4Fa180itR3lIYyhC2MU7FQEsdBbq (Caused by SSLError(SSLError(1, '[SSL: WRONG_VERSION_NUMBER] wrong version number (_ssl.c:1076)')))
[2022-01-07 14:37:21,240]-[baiduapi.py]-[get_driving_direction]-[65]-12s: [ERROR]-8s>> 调用百度api获取地点信息出错！：出发点和目的地: 广东科技学院（南城校区）北门-------SKC
[2022-01-07 14:37:21,240]-[baiduapi.py]-[get_driving_direction]-[65]-12s: [ERROR]-8s>> 调用百度api获取地点信息出错！：出发点和目的地: 广东科技学院（南城校区）北门-------SKC
[2022-01-07 14:37:23,877]-[baiduapi.py]-[get_place_accuracy_direction]-[150]-12s: [ERROR]-8s>> 查询地点信息出错！：Unexpected Error: HTTPSConnectionPool(host='api.map.baidu.com', port=443): Max retries exceeded with url: /place/v2/search?query=%E4%B8%9C%E8%8E%9E%E5%B8%82%E7%9F%B3%E9%BE%99%E9%95%87%E9%BB%84%E6%B4%B2%E4%BA%AC%E7%93%B7%E8%B7%AF8%E5%8F%B7&region=%E4%B8%9C%E8%8E%9E%E5%B8%82&output=json&ak=5FOb4Fa180itR3lIYyhC2MU7FQEsdBbq (Caused by SSLError(SSLError(1, '[SSL: WRONG_VERSION_NUMBER] wrong version number (_ssl.c:1076)')))
[2022-01-07 14:37:23,877]-[baiduapi.py]-[get_place_accuracy_direction]-[150]-12s: [ERROR]-8s>> 查询地点信息出错！：Unexpected Error: HTTPSConnectionPool(host='api.map.baidu.com', port=443): Max retries exceeded with url: /place/v2/search?query=%E4%B8%9C%E8%8E%9E%E5%B8%82%E7%9F%B3%E9%BE%99%E9%95%87%E9%BB%84%E6%B4%B2%E4%BA%AC%E7%93%B7%E8%B7%AF8%E5%8F%B7&region=%E4%B8%9C%E8%8E%9E%E5%B8%82&output=json&ak=5FOb4Fa180itR3lIYyhC2MU7FQEsdBbq (Caused by SSLError(SSLError(1, '[SSL: WRONG_VERSION_NUMBER] wrong version number (_ssl.c:1076)')))
[2022-01-07 14:37:23,914]-[baiduapi.py]-[get_place_accuracy_direction]-[150]-12s: [ERROR]-8s>> 查询地点信息出错！：Unexpected Error: HTTPSConnectionPool(host='api.map.baidu.com', port=443): Max retries exceeded with url: /place/v2/search?query=%E5%B9%BF%E5%B7%9E%E5%8D%97%E7%AB%99&region=%E4%B8%9C%E8%8E%9E%E5%B8%82&output=json&ak=5FOb4Fa180itR3lIYyhC2MU7FQEsdBbq (Caused by SSLError(SSLError(1, '[SSL: WRONG_VERSION_NUMBER] wrong version number (_ssl.c:1076)')))
[2022-01-07 14:37:23,914]-[baiduapi.py]-[get_place_accuracy_direction]-[150]-12s: [ERROR]-8s>> 查询地点信息出错！：Unexpected Error: HTTPSConnectionPool(host='api.map.baidu.com', port=443): Max retries exceeded with url: /place/v2/search?query=%E5%B9%BF%E5%B7%9E%E5%8D%97%E7%AB%99&region=%E4%B8%9C%E8%8E%9E%E5%B8%82&output=json&ak=5FOb4Fa180itR3lIYyhC2MU7FQEsdBbq (Caused by SSLError(SSLError(1, '[SSL: WRONG_VERSION_NUMBER] wrong version number (_ssl.c:1076)')))
[2022-01-07 14:37:23,917]-[baiduapi.py]-[get_driving_direction]-[65]-12s: [ERROR]-8s>> 调用百度api获取地点信息出错！：出发点和目的地: SKC-------广州南站
[2022-01-07 14:37:23,917]-[baiduapi.py]-[get_driving_direction]-[65]-12s: [ERROR]-8s>> 调用百度api获取地点信息出错！：出发点和目的地: SKC-------广州南站
[2022-01-07 14:37:23,949]-[baiduapi.py]-[get_place_accuracy_direction]-[150]-12s: [ERROR]-8s>> 查询地点信息出错！：Unexpected Error: HTTPSConnectionPool(host='api.map.baidu.com', port=443): Max retries exceeded with url: /place/v2/search?query=%E5%B9%BF%E5%B7%9E%E5%8D%97%E7%AB%99&region=%E4%B8%9C%E8%8E%9E%E5%B8%82&output=json&ak=5FOb4Fa180itR3lIYyhC2MU7FQEsdBbq (Caused by SSLError(SSLError(1, '[SSL: WRONG_VERSION_NUMBER] wrong version number (_ssl.c:1076)')))
[2022-01-07 14:37:23,949]-[baiduapi.py]-[get_place_accuracy_direction]-[150]-12s: [ERROR]-8s>> 查询地点信息出错！：Unexpected Error: HTTPSConnectionPool(host='api.map.baidu.com', port=443): Max retries exceeded with url: /place/v2/search?query=%E5%B9%BF%E5%B7%9E%E5%8D%97%E7%AB%99&region=%E4%B8%9C%E8%8E%9E%E5%B8%82&output=json&ak=5FOb4Fa180itR3lIYyhC2MU7FQEsdBbq (Caused by SSLError(SSLError(1, '[SSL: WRONG_VERSION_NUMBER] wrong version number (_ssl.c:1076)')))
[2022-01-07 14:37:23,984]-[baiduapi.py]-[get_place_accuracy_direction]-[150]-12s: [ERROR]-8s>> 查询地点信息出错！：Unexpected Error: HTTPSConnectionPool(host='api.map.baidu.com', port=443): Max retries exceeded with url: /place/v2/search?query=%E4%B8%9C%E8%8E%9E%E5%B8%82%E7%9F%B3%E9%BE%99%E9%95%87%E9%BB%84%E6%B4%B2%E4%BA%AC%E7%93%B7%E8%B7%AF8%E5%8F%B7&region=%E4%B8%9C%E8%8E%9E%E5%B8%82&output=json&ak=5FOb4Fa180itR3lIYyhC2MU7FQEsdBbq (Caused by SSLError(SSLError(1, '[SSL: WRONG_VERSION_NUMBER] wrong version number (_ssl.c:1076)')))
[2022-01-07 14:37:23,984]-[baiduapi.py]-[get_place_accuracy_direction]-[150]-12s: [ERROR]-8s>> 查询地点信息出错！：Unexpected Error: HTTPSConnectionPool(host='api.map.baidu.com', port=443): Max retries exceeded with url: /place/v2/search?query=%E4%B8%9C%E8%8E%9E%E5%B8%82%E7%9F%B3%E9%BE%99%E9%95%87%E9%BB%84%E6%B4%B2%E4%BA%AC%E7%93%B7%E8%B7%AF8%E5%8F%B7&region=%E4%B8%9C%E8%8E%9E%E5%B8%82&output=json&ak=5FOb4Fa180itR3lIYyhC2MU7FQEsdBbq (Caused by SSLError(SSLError(1, '[SSL: WRONG_VERSION_NUMBER] wrong version number (_ssl.c:1076)')))
[2022-01-07 14:37:23,985]-[baiduapi.py]-[get_driving_direction]-[65]-12s: [ERROR]-8s>> 调用百度api获取地点信息出错！：出发点和目的地: 广州南站-------SKC
[2022-01-07 14:37:23,985]-[baiduapi.py]-[get_driving_direction]-[65]-12s: [ERROR]-8s>> 调用百度api获取地点信息出错！：出发点和目的地: 广州南站-------SKC
[2022-01-07 14:37:26,561]-[baiduapi.py]-[get_place_accuracy_direction]-[150]-12s: [ERROR]-8s>> 查询地点信息出错！：Unexpected Error: HTTPSConnectionPool(host='api.map.baidu.com', port=443): Max retries exceeded with url: /place/v2/search?query=%E4%B8%9C%E8%8E%9E%E5%B8%82%E7%9F%B3%E9%BE%99%E9%95%87%E9%BB%84%E6%B4%B2%E4%BA%AC%E7%93%B7%E8%B7%AF8%E5%8F%B7&region=%E4%B8%9C%E8%8E%9E%E5%B8%82&output=json&ak=5FOb4Fa180itR3lIYyhC2MU7FQEsdBbq (Caused by SSLError(SSLError(1, '[SSL: WRONG_VERSION_NUMBER] wrong version number (_ssl.c:1076)')))
[2022-01-07 14:37:26,561]-[baiduapi.py]-[get_place_accuracy_direction]-[150]-12s: [ERROR]-8s>> 查询地点信息出错！：Unexpected Error: HTTPSConnectionPool(host='api.map.baidu.com', port=443): Max retries exceeded with url: /place/v2/search?query=%E4%B8%9C%E8%8E%9E%E5%B8%82%E7%9F%B3%E9%BE%99%E9%95%87%E9%BB%84%E6%B4%B2%E4%BA%AC%E7%93%B7%E8%B7%AF8%E5%8F%B7&region=%E4%B8%9C%E8%8E%9E%E5%B8%82&output=json&ak=5FOb4Fa180itR3lIYyhC2MU7FQEsdBbq (Caused by SSLError(SSLError(1, '[SSL: WRONG_VERSION_NUMBER] wrong version number (_ssl.c:1076)')))
[2022-01-07 14:37:26,601]-[baiduapi.py]-[get_place_accuracy_direction]-[150]-12s: [ERROR]-8s>> 查询地点信息出错！：Unexpected Error: HTTPSConnectionPool(host='api.map.baidu.com', port=443): Max retries exceeded with url: /place/v2/search?query=%E4%B8%9C%E8%8E%9E%E7%90%86%E5%B7%A5%E6%9D%BE%E5%B1%B1%E6%B9%96%E6%A0%A1%E5%8C%BA&region=%E4%B8%9C%E8%8E%9E%E5%B8%82&output=json&ak=5FOb4Fa180itR3lIYyhC2MU7FQEsdBbq (Caused by SSLError(SSLError(1, '[SSL: WRONG_VERSION_NUMBER] wrong version number (_ssl.c:1076)')))
[2022-01-07 14:37:26,601]-[baiduapi.py]-[get_place_accuracy_direction]-[150]-12s: [ERROR]-8s>> 查询地点信息出错！：Unexpected Error: HTTPSConnectionPool(host='api.map.baidu.com', port=443): Max retries exceeded with url: /place/v2/search?query=%E4%B8%9C%E8%8E%9E%E7%90%86%E5%B7%A5%E6%9D%BE%E5%B1%B1%E6%B9%96%E6%A0%A1%E5%8C%BA&region=%E4%B8%9C%E8%8E%9E%E5%B8%82&output=json&ak=5FOb4Fa180itR3lIYyhC2MU7FQEsdBbq (Caused by SSLError(SSLError(1, '[SSL: WRONG_VERSION_NUMBER] wrong version number (_ssl.c:1076)')))
[2022-01-07 14:37:26,603]-[baiduapi.py]-[get_driving_direction]-[65]-12s: [ERROR]-8s>> 调用百度api获取地点信息出错！：出发点和目的地: SKC-------东莞理工松山湖校区
[2022-01-07 14:37:26,603]-[baiduapi.py]-[get_driving_direction]-[65]-12s: [ERROR]-8s>> 调用百度api获取地点信息出错！：出发点和目的地: SKC-------东莞理工松山湖校区
[2022-01-07 14:37:26,645]-[baiduapi.py]-[get_place_accuracy_direction]-[150]-12s: [ERROR]-8s>> 查询地点信息出错！：Unexpected Error: HTTPSConnectionPool(host='api.map.baidu.com', port=443): Max retries exceeded with url: /place/v2/search?query=%E4%B8%9C%E8%8E%9E%E7%90%86%E5%B7%A5%E6%9D%BE%E5%B1%B1%E6%B9%96%E6%A0%A1%E5%8C%BA&region=%E4%B8%9C%E8%8E%9E%E5%B8%82&output=json&ak=5FOb4Fa180itR3lIYyhC2MU7FQEsdBbq (Caused by SSLError(SSLError(1, '[SSL: WRONG_VERSION_NUMBER] wrong version number (_ssl.c:1076)')))
[2022-01-07 14:37:26,645]-[baiduapi.py]-[get_place_accuracy_direction]-[150]-12s: [ERROR]-8s>> 查询地点信息出错！：Unexpected Error: HTTPSConnectionPool(host='api.map.baidu.com', port=443): Max retries exceeded with url: /place/v2/search?query=%E4%B8%9C%E8%8E%9E%E7%90%86%E5%B7%A5%E6%9D%BE%E5%B1%B1%E6%B9%96%E6%A0%A1%E5%8C%BA&region=%E4%B8%9C%E8%8E%9E%E5%B8%82&output=json&ak=5FOb4Fa180itR3lIYyhC2MU7FQEsdBbq (Caused by SSLError(SSLError(1, '[SSL: WRONG_VERSION_NUMBER] wrong version number (_ssl.c:1076)')))
[2022-01-07 14:37:26,682]-[baiduapi.py]-[get_place_accuracy_direction]-[150]-12s: [ERROR]-8s>> 查询地点信息出错！：Unexpected Error: HTTPSConnectionPool(host='api.map.baidu.com', port=443): Max retries exceeded with url: /place/v2/search?query=%E4%B8%9C%E8%8E%9E%E5%B8%82%E7%9F%B3%E9%BE%99%E9%95%87%E9%BB%84%E6%B4%B2%E4%BA%AC%E7%93%B7%E8%B7%AF8%E5%8F%B7&region=%E4%B8%9C%E8%8E%9E%E5%B8%82&output=json&ak=5FOb4Fa180itR3lIYyhC2MU7FQEsdBbq (Caused by SSLError(SSLError(1, '[SSL: WRONG_VERSION_NUMBER] wrong version number (_ssl.c:1076)')))
[2022-01-07 14:37:26,682]-[baiduapi.py]-[get_place_accuracy_direction]-[150]-12s: [ERROR]-8s>> 查询地点信息出错！：Unexpected Error: HTTPSConnectionPool(host='api.map.baidu.com', port=443): Max retries exceeded with url: /place/v2/search?query=%E4%B8%9C%E8%8E%9E%E5%B8%82%E7%9F%B3%E9%BE%99%E9%95%87%E9%BB%84%E6%B4%B2%E4%BA%AC%E7%93%B7%E8%B7%AF8%E5%8F%B7&region=%E4%B8%9C%E8%8E%9E%E5%B8%82&output=json&ak=5FOb4Fa180itR3lIYyhC2MU7FQEsdBbq (Caused by SSLError(SSLError(1, '[SSL: WRONG_VERSION_NUMBER] wrong version number (_ssl.c:1076)')))
[2022-01-07 14:37:26,685]-[baiduapi.py]-[get_driving_direction]-[65]-12s: [ERROR]-8s>> 调用百度api获取地点信息出错！：出发点和目的地: 东莞理工松山湖校区-------SKC
[2022-01-07 14:37:26,685]-[baiduapi.py]-[get_driving_direction]-[65]-12s: [ERROR]-8s>> 调用百度api获取地点信息出错！：出发点和目的地: 东莞理工松山湖校区-------SKC
[2022-01-07 14:37:29,285]-[baiduapi.py]-[get_place_accuracy_direction]-[150]-12s: [ERROR]-8s>> 查询地点信息出错！：Unexpected Error: HTTPSConnectionPool(host='api.map.baidu.com', port=443): Max retries exceeded with url: /place/v2/search?query=%E4%B8%9C%E8%8E%9E%E5%B8%82%E7%9F%B3%E9%BE%99%E9%95%87%E9%BB%84%E6%B4%B2%E4%BA%AC%E7%93%B7%E8%B7%AF8%E5%8F%B7&region=%E4%B8%9C%E8%8E%9E%E5%B8%82&output=json&ak=5FOb4Fa180itR3lIYyhC2MU7FQEsdBbq (Caused by SSLError(SSLError(1, '[SSL: WRONG_VERSION_NUMBER] wrong version number (_ssl.c:1076)')))
[2022-01-07 14:37:29,285]-[baiduapi.py]-[get_place_accuracy_direction]-[150]-12s: [ERROR]-8s>> 查询地点信息出错！：Unexpected Error: HTTPSConnectionPool(host='api.map.baidu.com', port=443): Max retries exceeded with url: /place/v2/search?query=%E4%B8%9C%E8%8E%9E%E5%B8%82%E7%9F%B3%E9%BE%99%E9%95%87%E9%BB%84%E6%B4%B2%E4%BA%AC%E7%93%B7%E8%B7%AF8%E5%8F%B7&region=%E4%B8%9C%E8%8E%9E%E5%B8%82&output=json&ak=5FOb4Fa180itR3lIYyhC2MU7FQEsdBbq (Caused by SSLError(SSLError(1, '[SSL: WRONG_VERSION_NUMBER] wrong version number (_ssl.c:1076)')))
[2022-01-07 14:37:29,323]-[baiduapi.py]-[get_place_accuracy_direction]-[150]-12s: [ERROR]-8s>> 查询地点信息出错！：Unexpected Error: HTTPSConnectionPool(host='api.map.baidu.com', port=443): Max retries exceeded with url: /place/v2/search?query=%E4%B8%9C%E8%8E%9E%E7%AC%AC%E5%85%AB%E4%BA%BA%E6%B0%91%E5%8C%BB%E9%99%A2&region=%E4%B8%9C%E8%8E%9E%E5%B8%82&output=json&ak=5FOb4Fa180itR3lIYyhC2MU7FQEsdBbq (Caused by SSLError(SSLError(1, '[SSL: WRONG_VERSION_NUMBER] wrong version number (_ssl.c:1076)')))
[2022-01-07 14:37:29,323]-[baiduapi.py]-[get_place_accuracy_direction]-[150]-12s: [ERROR]-8s>> 查询地点信息出错！：Unexpected Error: HTTPSConnectionPool(host='api.map.baidu.com', port=443): Max retries exceeded with url: /place/v2/search?query=%E4%B8%9C%E8%8E%9E%E7%AC%AC%E5%85%AB%E4%BA%BA%E6%B0%91%E5%8C%BB%E9%99%A2&region=%E4%B8%9C%E8%8E%9E%E5%B8%82&output=json&ak=5FOb4Fa180itR3lIYyhC2MU7FQEsdBbq (Caused by SSLError(SSLError(1, '[SSL: WRONG_VERSION_NUMBER] wrong version number (_ssl.c:1076)')))
[2022-01-07 14:37:29,325]-[baiduapi.py]-[get_driving_direction]-[65]-12s: [ERROR]-8s>> 调用百度api获取地点信息出错！：出发点和目的地: SKC-------东莞第八人民医院
[2022-01-07 14:37:29,325]-[baiduapi.py]-[get_driving_direction]-[65]-12s: [ERROR]-8s>> 调用百度api获取地点信息出错！：出发点和目的地: SKC-------东莞第八人民医院
[2022-01-07 14:37:29,360]-[baiduapi.py]-[get_place_accuracy_direction]-[150]-12s: [ERROR]-8s>> 查询地点信息出错！：Unexpected Error: HTTPSConnectionPool(host='api.map.baidu.com', port=443): Max retries exceeded with url: /place/v2/search?query=%E4%B8%9C%E8%8E%9E%E7%AC%AC%E5%85%AB%E4%BA%BA%E6%B0%91%E5%8C%BB%E9%99%A2&region=%E4%B8%9C%E8%8E%9E%E5%B8%82&output=json&ak=5FOb4Fa180itR3lIYyhC2MU7FQEsdBbq (Caused by SSLError(SSLError(1, '[SSL: WRONG_VERSION_NUMBER] wrong version number (_ssl.c:1076)')))
[2022-01-07 14:37:29,360]-[baiduapi.py]-[get_place_accuracy_direction]-[150]-12s: [ERROR]-8s>> 查询地点信息出错！：Unexpected Error: HTTPSConnectionPool(host='api.map.baidu.com', port=443): Max retries exceeded with url: /place/v2/search?query=%E4%B8%9C%E8%8E%9E%E7%AC%AC%E5%85%AB%E4%BA%BA%E6%B0%91%E5%8C%BB%E9%99%A2&region=%E4%B8%9C%E8%8E%9E%E5%B8%82&output=json&ak=5FOb4Fa180itR3lIYyhC2MU7FQEsdBbq (Caused by SSLError(SSLError(1, '[SSL: WRONG_VERSION_NUMBER] wrong version number (_ssl.c:1076)')))
[2022-01-07 14:37:29,400]-[baiduapi.py]-[get_place_accuracy_direction]-[150]-12s: [ERROR]-8s>> 查询地点信息出错！：Unexpected Error: HTTPSConnectionPool(host='api.map.baidu.com', port=443): Max retries exceeded with url: /place/v2/search?query=%E4%B8%9C%E8%8E%9E%E5%B8%82%E7%9F%B3%E9%BE%99%E9%95%87%E9%BB%84%E6%B4%B2%E4%BA%AC%E7%93%B7%E8%B7%AF8%E5%8F%B7&region=%E4%B8%9C%E8%8E%9E%E5%B8%82&output=json&ak=5FOb4Fa180itR3lIYyhC2MU7FQEsdBbq (Caused by SSLError(SSLError(1, '[SSL: WRONG_VERSION_NUMBER] wrong version number (_ssl.c:1076)')))
[2022-01-07 14:37:29,400]-[baiduapi.py]-[get_place_accuracy_direction]-[150]-12s: [ERROR]-8s>> 查询地点信息出错！：Unexpected Error: HTTPSConnectionPool(host='api.map.baidu.com', port=443): Max retries exceeded with url: /place/v2/search?query=%E4%B8%9C%E8%8E%9E%E5%B8%82%E7%9F%B3%E9%BE%99%E9%95%87%E9%BB%84%E6%B4%B2%E4%BA%AC%E7%93%B7%E8%B7%AF8%E5%8F%B7&region=%E4%B8%9C%E8%8E%9E%E5%B8%82&output=json&ak=5FOb4Fa180itR3lIYyhC2MU7FQEsdBbq (Caused by SSLError(SSLError(1, '[SSL: WRONG_VERSION_NUMBER] wrong version number (_ssl.c:1076)')))
[2022-01-07 14:37:29,401]-[baiduapi.py]-[get_driving_direction]-[65]-12s: [ERROR]-8s>> 调用百度api获取地点信息出错！：出发点和目的地: 东莞第八人民医院-------SKC
[2022-01-07 14:37:29,401]-[baiduapi.py]-[get_driving_direction]-[65]-12s: [ERROR]-8s>> 调用百度api获取地点信息出错！：出发点和目的地: 东莞第八人民医院-------SKC
[2022-01-07 14:37:31,962]-[baiduapi.py]-[get_place_accuracy_direction]-[150]-12s: [ERROR]-8s>> 查询地点信息出错！：Unexpected Error: HTTPSConnectionPool(host='api.map.baidu.com', port=443): Max retries exceeded with url: /place/v2/search?query=%E7%99%BD%E4%BA%91%E6%9C%BA%E5%9C%BAT2&region=%E4%B8%9C%E8%8E%9E%E5%B8%82&output=json&ak=5FOb4Fa180itR3lIYyhC2MU7FQEsdBbq (Caused by SSLError(SSLError(1, '[SSL: WRONG_VERSION_NUMBER] wrong version number (_ssl.c:1076)')))
[2022-01-07 14:37:31,962]-[baiduapi.py]-[get_place_accuracy_direction]-[150]-12s: [ERROR]-8s>> 查询地点信息出错！：Unexpected Error: HTTPSConnectionPool(host='api.map.baidu.com', port=443): Max retries exceeded with url: /place/v2/search?query=%E7%99%BD%E4%BA%91%E6%9C%BA%E5%9C%BAT2&region=%E4%B8%9C%E8%8E%9E%E5%B8%82&output=json&ak=5FOb4Fa180itR3lIYyhC2MU7FQEsdBbq (Caused by SSLError(SSLError(1, '[SSL: WRONG_VERSION_NUMBER] wrong version number (_ssl.c:1076)')))
[2022-01-07 14:37:31,997]-[baiduapi.py]-[get_place_accuracy_direction]-[150]-12s: [ERROR]-8s>> 查询地点信息出错！：Unexpected Error: HTTPSConnectionPool(host='api.map.baidu.com', port=443): Max retries exceeded with url: /place/v2/search?query=%E7%AC%AC%E5%85%AB%E4%BA%BA%E6%B0%91%E5%8C%BB%E9%99%A2&region=%E4%B8%9C%E8%8E%9E%E5%B8%82&output=json&ak=5FOb4Fa180itR3lIYyhC2MU7FQEsdBbq (Caused by SSLError(SSLError(1, '[SSL: WRONG_VERSION_NUMBER] wrong version number (_ssl.c:1076)')))
[2022-01-07 14:37:31,997]-[baiduapi.py]-[get_place_accuracy_direction]-[150]-12s: [ERROR]-8s>> 查询地点信息出错！：Unexpected Error: HTTPSConnectionPool(host='api.map.baidu.com', port=443): Max retries exceeded with url: /place/v2/search?query=%E7%AC%AC%E5%85%AB%E4%BA%BA%E6%B0%91%E5%8C%BB%E9%99%A2&region=%E4%B8%9C%E8%8E%9E%E5%B8%82&output=json&ak=5FOb4Fa180itR3lIYyhC2MU7FQEsdBbq (Caused by SSLError(SSLError(1, '[SSL: WRONG_VERSION_NUMBER] wrong version number (_ssl.c:1076)')))
[2022-01-07 14:37:31,999]-[baiduapi.py]-[get_driving_direction]-[65]-12s: [ERROR]-8s>> 调用百度api获取地点信息出错！：出发点和目的地: 白云机场T2-------第八人民医院
[2022-01-07 14:37:31,999]-[baiduapi.py]-[get_driving_direction]-[65]-12s: [ERROR]-8s>> 调用百度api获取地点信息出错！：出发点和目的地: 白云机场T2-------第八人民医院
[2022-01-07 14:37:32,036]-[baiduapi.py]-[get_place_accuracy_direction]-[150]-12s: [ERROR]-8s>> 查询地点信息出错！：Unexpected Error: HTTPSConnectionPool(host='api.map.baidu.com', port=443): Max retries exceeded with url: /place/v2/search?query=%E7%AC%AC%E5%85%AB%E4%BA%BA%E6%B0%91%E5%8C%BB%E9%99%A2&region=%E4%B8%9C%E8%8E%9E%E5%B8%82&output=json&ak=5FOb4Fa180itR3lIYyhC2MU7FQEsdBbq (Caused by SSLError(SSLError(1, '[SSL: WRONG_VERSION_NUMBER] wrong version number (_ssl.c:1076)')))
[2022-01-07 14:37:32,036]-[baiduapi.py]-[get_place_accuracy_direction]-[150]-12s: [ERROR]-8s>> 查询地点信息出错！：Unexpected Error: HTTPSConnectionPool(host='api.map.baidu.com', port=443): Max retries exceeded with url: /place/v2/search?query=%E7%AC%AC%E5%85%AB%E4%BA%BA%E6%B0%91%E5%8C%BB%E9%99%A2&region=%E4%B8%9C%E8%8E%9E%E5%B8%82&output=json&ak=5FOb4Fa180itR3lIYyhC2MU7FQEsdBbq (Caused by SSLError(SSLError(1, '[SSL: WRONG_VERSION_NUMBER] wrong version number (_ssl.c:1076)')))
[2022-01-07 14:37:32,073]-[baiduapi.py]-[get_place_accuracy_direction]-[150]-12s: [ERROR]-8s>> 查询地点信息出错！：Unexpected Error: HTTPSConnectionPool(host='api.map.baidu.com', port=443): Max retries exceeded with url: /place/v2/search?query=1%E5%8F%B7%E5%AE%BF%E8%88%8D&region=%E4%B8%9C%E8%8E%9E%E5%B8%82&output=json&ak=5FOb4Fa180itR3lIYyhC2MU7FQEsdBbq (Caused by SSLError(SSLError(1, '[SSL: WRONG_VERSION_NUMBER] wrong version number (_ssl.c:1076)')))
[2022-01-07 14:37:32,073]-[baiduapi.py]-[get_place_accuracy_direction]-[150]-12s: [ERROR]-8s>> 查询地点信息出错！：Unexpected Error: HTTPSConnectionPool(host='api.map.baidu.com', port=443): Max retries exceeded with url: /place/v2/search?query=1%E5%8F%B7%E5%AE%BF%E8%88%8D&region=%E4%B8%9C%E8%8E%9E%E5%B8%82&output=json&ak=5FOb4Fa180itR3lIYyhC2MU7FQEsdBbq (Caused by SSLError(SSLError(1, '[SSL: WRONG_VERSION_NUMBER] wrong version number (_ssl.c:1076)')))
[2022-01-07 14:37:32,075]-[baiduapi.py]-[get_driving_direction]-[65]-12s: [ERROR]-8s>> 调用百度api获取地点信息出错！：出发点和目的地: 第八人民医院-------1号宿舍
[2022-01-07 14:37:32,075]-[baiduapi.py]-[get_driving_direction]-[65]-12s: [ERROR]-8s>> 调用百度api获取地点信息出错！：出发点和目的地: 第八人民医院-------1号宿舍
[2022-01-07 14:37:32,109]-[baiduapi.py]-[get_place_accuracy_direction]-[150]-12s: [ERROR]-8s>> 查询地点信息出错！：Unexpected Error: HTTPSConnectionPool(host='api.map.baidu.com', port=443): Max retries exceeded with url: /place/v2/search?query=1%E5%8F%B7%E5%AE%BF%E8%88%8D&region=%E4%B8%9C%E8%8E%9E%E5%B8%82&output=json&ak=5FOb4Fa180itR3lIYyhC2MU7FQEsdBbq (Caused by SSLError(SSLError(1, '[SSL: WRONG_VERSION_NUMBER] wrong version number (_ssl.c:1076)')))
[2022-01-07 14:37:32,109]-[baiduapi.py]-[get_place_accuracy_direction]-[150]-12s: [ERROR]-8s>> 查询地点信息出错！：Unexpected Error: HTTPSConnectionPool(host='api.map.baidu.com', port=443): Max retries exceeded with url: /place/v2/search?query=1%E5%8F%B7%E5%AE%BF%E8%88%8D&region=%E4%B8%9C%E8%8E%9E%E5%B8%82&output=json&ak=5FOb4Fa180itR3lIYyhC2MU7FQEsdBbq (Caused by SSLError(SSLError(1, '[SSL: WRONG_VERSION_NUMBER] wrong version number (_ssl.c:1076)')))
[2022-01-07 14:37:32,147]-[baiduapi.py]-[get_place_accuracy_direction]-[150]-12s: [ERROR]-8s>> 查询地点信息出错！：Unexpected Error: HTTPSConnectionPool(host='api.map.baidu.com', port=443): Max retries exceeded with url: /place/v2/search?query=2%E5%8F%B7%E5%AE%BF%E8%88%8D&region=%E4%B8%9C%E8%8E%9E%E5%B8%82&output=json&ak=5FOb4Fa180itR3lIYyhC2MU7FQEsdBbq (Caused by SSLError(SSLError(1, '[SSL: WRONG_VERSION_NUMBER] wrong version number (_ssl.c:1076)')))
[2022-01-07 14:37:32,147]-[baiduapi.py]-[get_place_accuracy_direction]-[150]-12s: [ERROR]-8s>> 查询地点信息出错！：Unexpected Error: HTTPSConnectionPool(host='api.map.baidu.com', port=443): Max retries exceeded with url: /place/v2/search?query=2%E5%8F%B7%E5%AE%BF%E8%88%8D&region=%E4%B8%9C%E8%8E%9E%E5%B8%82&output=json&ak=5FOb4Fa180itR3lIYyhC2MU7FQEsdBbq (Caused by SSLError(SSLError(1, '[SSL: WRONG_VERSION_NUMBER] wrong version number (_ssl.c:1076)')))
[2022-01-07 14:37:32,149]-[baiduapi.py]-[get_driving_direction]-[65]-12s: [ERROR]-8s>> 调用百度api获取地点信息出错！：出发点和目的地: 1号宿舍-------2号宿舍
[2022-01-07 14:37:32,149]-[baiduapi.py]-[get_driving_direction]-[65]-12s: [ERROR]-8s>> 调用百度api获取地点信息出错！：出发点和目的地: 1号宿舍-------2号宿舍
[2022-01-07 14:37:32,186]-[baiduapi.py]-[get_place_accuracy_direction]-[150]-12s: [ERROR]-8s>> 查询地点信息出错！：Unexpected Error: HTTPSConnectionPool(host='api.map.baidu.com', port=443): Max retries exceeded with url: /place/v2/search?query=%E4%B8%9C%E8%8E%9E%E5%B8%82%E7%9F%B3%E9%BE%99%E9%95%87%E9%BB%84%E6%B4%B2%E4%BA%AC%E7%93%B7%E8%B7%AF8%E5%8F%B7&region=%E4%B8%9C%E8%8E%9E%E5%B8%82&output=json&ak=5FOb4Fa180itR3lIYyhC2MU7FQEsdBbq (Caused by SSLError(SSLError(1, '[SSL: WRONG_VERSION_NUMBER] wrong version number (_ssl.c:1076)')))
[2022-01-07 14:37:32,186]-[baiduapi.py]-[get_place_accuracy_direction]-[150]-12s: [ERROR]-8s>> 查询地点信息出错！：Unexpected Error: HTTPSConnectionPool(host='api.map.baidu.com', port=443): Max retries exceeded with url: /place/v2/search?query=%E4%B8%9C%E8%8E%9E%E5%B8%82%E7%9F%B3%E9%BE%99%E9%95%87%E9%BB%84%E6%B4%B2%E4%BA%AC%E7%93%B7%E8%B7%AF8%E5%8F%B7&region=%E4%B8%9C%E8%8E%9E%E5%B8%82&output=json&ak=5FOb4Fa180itR3lIYyhC2MU7FQEsdBbq (Caused by SSLError(SSLError(1, '[SSL: WRONG_VERSION_NUMBER] wrong version number (_ssl.c:1076)')))
[2022-01-07 14:37:32,219]-[baiduapi.py]-[get_place_accuracy_direction]-[150]-12s: [ERROR]-8s>> 查询地点信息出错！：Unexpected Error: HTTPSConnectionPool(host='api.map.baidu.com', port=443): Max retries exceeded with url: /place/v2/search?query=%E7%99%BD%E4%BA%91%E6%9C%BA%E5%9C%BAT2&region=%E4%B8%9C%E8%8E%9E%E5%B8%82&output=json&ak=5FOb4Fa180itR3lIYyhC2MU7FQEsdBbq (Caused by SSLError(SSLError(1, '[SSL: WRONG_VERSION_NUMBER] wrong version number (_ssl.c:1076)')))
[2022-01-07 14:37:32,219]-[baiduapi.py]-[get_place_accuracy_direction]-[150]-12s: [ERROR]-8s>> 查询地点信息出错！：Unexpected Error: HTTPSConnectionPool(host='api.map.baidu.com', port=443): Max retries exceeded with url: /place/v2/search?query=%E7%99%BD%E4%BA%91%E6%9C%BA%E5%9C%BAT2&region=%E4%B8%9C%E8%8E%9E%E5%B8%82&output=json&ak=5FOb4Fa180itR3lIYyhC2MU7FQEsdBbq (Caused by SSLError(SSLError(1, '[SSL: WRONG_VERSION_NUMBER] wrong version number (_ssl.c:1076)')))
[2022-01-07 14:37:32,221]-[baiduapi.py]-[get_driving_direction]-[65]-12s: [ERROR]-8s>> 调用百度api获取地点信息出错！：出发点和目的地: SKC-------白云机场T2
[2022-01-07 14:37:32,221]-[baiduapi.py]-[get_driving_direction]-[65]-12s: [ERROR]-8s>> 调用百度api获取地点信息出错！：出发点和目的地: SKC-------白云机场T2
[2022-01-07 14:37:32,258]-[baiduapi.py]-[get_place_accuracy_direction]-[150]-12s: [ERROR]-8s>> 查询地点信息出错！：Unexpected Error: HTTPSConnectionPool(host='api.map.baidu.com', port=443): Max retries exceeded with url: /place/v2/search?query=2%E5%8F%B7%E5%AE%BF%E8%88%8D&region=%E4%B8%9C%E8%8E%9E%E5%B8%82&output=json&ak=5FOb4Fa180itR3lIYyhC2MU7FQEsdBbq (Caused by SSLError(SSLError(1, '[SSL: WRONG_VERSION_NUMBER] wrong version number (_ssl.c:1076)')))
[2022-01-07 14:37:32,258]-[baiduapi.py]-[get_place_accuracy_direction]-[150]-12s: [ERROR]-8s>> 查询地点信息出错！：Unexpected Error: HTTPSConnectionPool(host='api.map.baidu.com', port=443): Max retries exceeded with url: /place/v2/search?query=2%E5%8F%B7%E5%AE%BF%E8%88%8D&region=%E4%B8%9C%E8%8E%9E%E5%B8%82&output=json&ak=5FOb4Fa180itR3lIYyhC2MU7FQEsdBbq (Caused by SSLError(SSLError(1, '[SSL: WRONG_VERSION_NUMBER] wrong version number (_ssl.c:1076)')))
[2022-01-07 14:37:32,295]-[baiduapi.py]-[get_place_accuracy_direction]-[150]-12s: [ERROR]-8s>> 查询地点信息出错！：Unexpected Error: HTTPSConnectionPool(host='api.map.baidu.com', port=443): Max retries exceeded with url: /place/v2/search?query=%E4%B8%9C%E8%8E%9E%E5%B8%82%E7%9F%B3%E9%BE%99%E9%95%87%E9%BB%84%E6%B4%B2%E4%BA%AC%E7%93%B7%E8%B7%AF8%E5%8F%B7&region=%E4%B8%9C%E8%8E%9E%E5%B8%82&output=json&ak=5FOb4Fa180itR3lIYyhC2MU7FQEsdBbq (Caused by SSLError(SSLError(1, '[SSL: WRONG_VERSION_NUMBER] wrong version number (_ssl.c:1076)')))
[2022-01-07 14:37:32,295]-[baiduapi.py]-[get_place_accuracy_direction]-[150]-12s: [ERROR]-8s>> 查询地点信息出错！：Unexpected Error: HTTPSConnectionPool(host='api.map.baidu.com', port=443): Max retries exceeded with url: /place/v2/search?query=%E4%B8%9C%E8%8E%9E%E5%B8%82%E7%9F%B3%E9%BE%99%E9%95%87%E9%BB%84%E6%B4%B2%E4%BA%AC%E7%93%B7%E8%B7%AF8%E5%8F%B7&region=%E4%B8%9C%E8%8E%9E%E5%B8%82&output=json&ak=5FOb4Fa180itR3lIYyhC2MU7FQEsdBbq (Caused by SSLError(SSLError(1, '[SSL: WRONG_VERSION_NUMBER] wrong version number (_ssl.c:1076)')))
[2022-01-07 14:37:32,296]-[baiduapi.py]-[get_driving_direction]-[65]-12s: [ERROR]-8s>> 调用百度api获取地点信息出错！：出发点和目的地: 2号宿舍-------SKC
[2022-01-07 14:37:32,296]-[baiduapi.py]-[get_driving_direction]-[65]-12s: [ERROR]-8s>> 调用百度api获取地点信息出错！：出发点和目的地: 2号宿舍-------SKC
[2022-01-07 14:37:34,896]-[baiduapi.py]-[get_place_accuracy_direction]-[150]-12s: [ERROR]-8s>> 查询地点信息出错！：Unexpected Error: HTTPSConnectionPool(host='api.map.baidu.com', port=443): Max retries exceeded with url: /place/v2/search?query=%E4%B8%9C%E8%8E%9E%E5%B8%82%E7%9F%B3%E9%BE%99%E9%95%87%E9%BB%84%E6%B4%B2%E4%BA%AC%E7%93%B7%E8%B7%AF8%E5%8F%B7&region=%E4%B8%9C%E8%8E%9E%E5%B8%82&output=json&ak=5FOb4Fa180itR3lIYyhC2MU7FQEsdBbq (Caused by SSLError(SSLError(1, '[SSL: WRONG_VERSION_NUMBER] wrong version number (_ssl.c:1076)')))
[2022-01-07 14:37:34,896]-[baiduapi.py]-[get_place_accuracy_direction]-[150]-12s: [ERROR]-8s>> 查询地点信息出错！：Unexpected Error: HTTPSConnectionPool(host='api.map.baidu.com', port=443): Max retries exceeded with url: /place/v2/search?query=%E4%B8%9C%E8%8E%9E%E5%B8%82%E7%9F%B3%E9%BE%99%E9%95%87%E9%BB%84%E6%B4%B2%E4%BA%AC%E7%93%B7%E8%B7%AF8%E5%8F%B7&region=%E4%B8%9C%E8%8E%9E%E5%B8%82&output=json&ak=5FOb4Fa180itR3lIYyhC2MU7FQEsdBbq (Caused by SSLError(SSLError(1, '[SSL: WRONG_VERSION_NUMBER] wrong version number (_ssl.c:1076)')))
[2022-01-07 14:37:34,932]-[baiduapi.py]-[get_place_accuracy_direction]-[150]-12s: [ERROR]-8s>> 查询地点信息出错！：Unexpected Error: HTTPSConnectionPool(host='api.map.baidu.com', port=443): Max retries exceeded with url: /place/v2/search?query=%E6%BA%90%E5%BA%B7&region=%E4%B8%9C%E8%8E%9E%E5%B8%82&output=json&ak=5FOb4Fa180itR3lIYyhC2MU7FQEsdBbq (Caused by SSLError(SSLError(1, '[SSL: WRONG_VERSION_NUMBER] wrong version number (_ssl.c:1076)')))
[2022-01-07 14:37:34,932]-[baiduapi.py]-[get_place_accuracy_direction]-[150]-12s: [ERROR]-8s>> 查询地点信息出错！：Unexpected Error: HTTPSConnectionPool(host='api.map.baidu.com', port=443): Max retries exceeded with url: /place/v2/search?query=%E6%BA%90%E5%BA%B7&region=%E4%B8%9C%E8%8E%9E%E5%B8%82&output=json&ak=5FOb4Fa180itR3lIYyhC2MU7FQEsdBbq (Caused by SSLError(SSLError(1, '[SSL: WRONG_VERSION_NUMBER] wrong version number (_ssl.c:1076)')))
[2022-01-07 14:37:34,933]-[baiduapi.py]-[get_driving_direction]-[65]-12s: [ERROR]-8s>> 调用百度api获取地点信息出错！：出发点和目的地: SKC-------源康
[2022-01-07 14:37:34,933]-[baiduapi.py]-[get_driving_direction]-[65]-12s: [ERROR]-8s>> 调用百度api获取地点信息出错！：出发点和目的地: SKC-------源康
[2022-01-07 14:37:34,970]-[baiduapi.py]-[get_place_accuracy_direction]-[150]-12s: [ERROR]-8s>> 查询地点信息出错！：Unexpected Error: HTTPSConnectionPool(host='api.map.baidu.com', port=443): Max retries exceeded with url: /place/v2/search?query=%E6%BA%90%E5%BA%B7&region=%E4%B8%9C%E8%8E%9E%E5%B8%82&output=json&ak=5FOb4Fa180itR3lIYyhC2MU7FQEsdBbq (Caused by SSLError(SSLError(1, '[SSL: WRONG_VERSION_NUMBER] wrong version number (_ssl.c:1076)')))
[2022-01-07 14:37:34,970]-[baiduapi.py]-[get_place_accuracy_direction]-[150]-12s: [ERROR]-8s>> 查询地点信息出错！：Unexpected Error: HTTPSConnectionPool(host='api.map.baidu.com', port=443): Max retries exceeded with url: /place/v2/search?query=%E6%BA%90%E5%BA%B7&region=%E4%B8%9C%E8%8E%9E%E5%B8%82&output=json&ak=5FOb4Fa180itR3lIYyhC2MU7FQEsdBbq (Caused by SSLError(SSLError(1, '[SSL: WRONG_VERSION_NUMBER] wrong version number (_ssl.c:1076)')))
[2022-01-07 14:37:35,005]-[baiduapi.py]-[get_place_accuracy_direction]-[150]-12s: [ERROR]-8s>> 查询地点信息出错！：Unexpected Error: HTTPSConnectionPool(host='api.map.baidu.com', port=443): Max retries exceeded with url: /place/v2/search?query=%E4%B8%9C%E8%8E%9E%E5%B8%82%E7%9F%B3%E9%BE%99%E9%95%87%E9%BB%84%E6%B4%B2%E4%BA%AC%E7%93%B7%E8%B7%AF8%E5%8F%B7&region=%E4%B8%9C%E8%8E%9E%E5%B8%82&output=json&ak=5FOb4Fa180itR3lIYyhC2MU7FQEsdBbq (Caused by SSLError(SSLError(1, '[SSL: WRONG_VERSION_NUMBER] wrong version number (_ssl.c:1076)')))
[2022-01-07 14:37:35,005]-[baiduapi.py]-[get_place_accuracy_direction]-[150]-12s: [ERROR]-8s>> 查询地点信息出错！：Unexpected Error: HTTPSConnectionPool(host='api.map.baidu.com', port=443): Max retries exceeded with url: /place/v2/search?query=%E4%B8%9C%E8%8E%9E%E5%B8%82%E7%9F%B3%E9%BE%99%E9%95%87%E9%BB%84%E6%B4%B2%E4%BA%AC%E7%93%B7%E8%B7%AF8%E5%8F%B7&region=%E4%B8%9C%E8%8E%9E%E5%B8%82&output=json&ak=5FOb4Fa180itR3lIYyhC2MU7FQEsdBbq (Caused by SSLError(SSLError(1, '[SSL: WRONG_VERSION_NUMBER] wrong version number (_ssl.c:1076)')))
[2022-01-07 14:37:35,006]-[baiduapi.py]-[get_driving_direction]-[65]-12s: [ERROR]-8s>> 调用百度api获取地点信息出错！：出发点和目的地: 源康-------SKC
[2022-01-07 14:37:35,006]-[baiduapi.py]-[get_driving_direction]-[65]-12s: [ERROR]-8s>> 调用百度api获取地点信息出错！：出发点和目的地: 源康-------SKC
[2022-01-07 14:37:37,594]-[baiduapi.py]-[get_place_accuracy_direction]-[150]-12s: [ERROR]-8s>> 查询地点信息出错！：Unexpected Error: HTTPSConnectionPool(host='api.map.baidu.com', port=443): Max retries exceeded with url: /place/v2/search?query=%E4%B8%9C%E8%8E%9E%E5%B8%82%E7%9F%B3%E9%BE%99%E9%95%87%E9%BB%84%E6%B4%B2%E4%BA%AC%E7%93%B7%E8%B7%AF8%E5%8F%B7&region=%E4%B8%9C%E8%8E%9E%E5%B8%82&output=json&ak=5FOb4Fa180itR3lIYyhC2MU7FQEsdBbq (Caused by SSLError(SSLError(1, '[SSL: WRONG_VERSION_NUMBER] wrong version number (_ssl.c:1076)')))
[2022-01-07 14:37:37,594]-[baiduapi.py]-[get_place_accuracy_direction]-[150]-12s: [ERROR]-8s>> 查询地点信息出错！：Unexpected Error: HTTPSConnectionPool(host='api.map.baidu.com', port=443): Max retries exceeded with url: /place/v2/search?query=%E4%B8%9C%E8%8E%9E%E5%B8%82%E7%9F%B3%E9%BE%99%E9%95%87%E9%BB%84%E6%B4%B2%E4%BA%AC%E7%93%B7%E8%B7%AF8%E5%8F%B7&region=%E4%B8%9C%E8%8E%9E%E5%B8%82&output=json&ak=5FOb4Fa180itR3lIYyhC2MU7FQEsdBbq (Caused by SSLError(SSLError(1, '[SSL: WRONG_VERSION_NUMBER] wrong version number (_ssl.c:1076)')))
[2022-01-07 14:37:37,629]-[baiduapi.py]-[get_place_accuracy_direction]-[150]-12s: [ERROR]-8s>> 查询地点信息出错！：Unexpected Error: HTTPSConnectionPool(host='api.map.baidu.com', port=443): Max retries exceeded with url: /place/v2/search?query=%E4%B8%9C%E8%8E%9E%E5%B8%82%E5%85%AC%E5%AE%89%E5%B1%80&region=%E4%B8%9C%E8%8E%9E%E5%B8%82&output=json&ak=5FOb4Fa180itR3lIYyhC2MU7FQEsdBbq (Caused by SSLError(SSLError(1, '[SSL: WRONG_VERSION_NUMBER] wrong version number (_ssl.c:1076)')))
[2022-01-07 14:37:37,629]-[baiduapi.py]-[get_place_accuracy_direction]-[150]-12s: [ERROR]-8s>> 查询地点信息出错！：Unexpected Error: HTTPSConnectionPool(host='api.map.baidu.com', port=443): Max retries exceeded with url: /place/v2/search?query=%E4%B8%9C%E8%8E%9E%E5%B8%82%E5%85%AC%E5%AE%89%E5%B1%80&region=%E4%B8%9C%E8%8E%9E%E5%B8%82&output=json&ak=5FOb4Fa180itR3lIYyhC2MU7FQEsdBbq (Caused by SSLError(SSLError(1, '[SSL: WRONG_VERSION_NUMBER] wrong version number (_ssl.c:1076)')))
[2022-01-07 14:37:37,631]-[baiduapi.py]-[get_driving_direction]-[65]-12s: [ERROR]-8s>> 调用百度api获取地点信息出错！：出发点和目的地: SKC-------东莞市公安局
[2022-01-07 14:37:37,631]-[baiduapi.py]-[get_driving_direction]-[65]-12s: [ERROR]-8s>> 调用百度api获取地点信息出错！：出发点和目的地: SKC-------东莞市公安局
[2022-01-07 14:37:37,664]-[baiduapi.py]-[get_place_accuracy_direction]-[150]-12s: [ERROR]-8s>> 查询地点信息出错！：Unexpected Error: HTTPSConnectionPool(host='api.map.baidu.com', port=443): Max retries exceeded with url: /place/v2/search?query=%E4%B8%9C%E8%8E%9E%E5%B8%82%E5%85%AC%E5%AE%89%E5%B1%80&region=%E4%B8%9C%E8%8E%9E%E5%B8%82&output=json&ak=5FOb4Fa180itR3lIYyhC2MU7FQEsdBbq (Caused by SSLError(SSLError(1, '[SSL: WRONG_VERSION_NUMBER] wrong version number (_ssl.c:1076)')))
[2022-01-07 14:37:37,664]-[baiduapi.py]-[get_place_accuracy_direction]-[150]-12s: [ERROR]-8s>> 查询地点信息出错！：Unexpected Error: HTTPSConnectionPool(host='api.map.baidu.com', port=443): Max retries exceeded with url: /place/v2/search?query=%E4%B8%9C%E8%8E%9E%E5%B8%82%E5%85%AC%E5%AE%89%E5%B1%80&region=%E4%B8%9C%E8%8E%9E%E5%B8%82&output=json&ak=5FOb4Fa180itR3lIYyhC2MU7FQEsdBbq (Caused by SSLError(SSLError(1, '[SSL: WRONG_VERSION_NUMBER] wrong version number (_ssl.c:1076)')))
[2022-01-07 14:37:37,698]-[baiduapi.py]-[get_place_accuracy_direction]-[150]-12s: [ERROR]-8s>> 查询地点信息出错！：Unexpected Error: HTTPSConnectionPool(host='api.map.baidu.com', port=443): Max retries exceeded with url: /place/v2/search?query=%E5%BF%AB%E8%80%8C%E7%BE%8E%E7%85%A7%E7%9B%B8%E9%A6%86&region=%E4%B8%9C%E8%8E%9E%E5%B8%82&output=json&ak=5FOb4Fa180itR3lIYyhC2MU7FQEsdBbq (Caused by SSLError(SSLError(1, '[SSL: WRONG_VERSION_NUMBER] wrong version number (_ssl.c:1076)')))
[2022-01-07 14:37:37,698]-[baiduapi.py]-[get_place_accuracy_direction]-[150]-12s: [ERROR]-8s>> 查询地点信息出错！：Unexpected Error: HTTPSConnectionPool(host='api.map.baidu.com', port=443): Max retries exceeded with url: /place/v2/search?query=%E5%BF%AB%E8%80%8C%E7%BE%8E%E7%85%A7%E7%9B%B8%E9%A6%86&region=%E4%B8%9C%E8%8E%9E%E5%B8%82&output=json&ak=5FOb4Fa180itR3lIYyhC2MU7FQEsdBbq (Caused by SSLError(SSLError(1, '[SSL: WRONG_VERSION_NUMBER] wrong version number (_ssl.c:1076)')))
[2022-01-07 14:37:37,700]-[baiduapi.py]-[get_driving_direction]-[65]-12s: [ERROR]-8s>> 调用百度api获取地点信息出错！：出发点和目的地: 东莞市公安局-------快而美照相馆
[2022-01-07 14:37:37,700]-[baiduapi.py]-[get_driving_direction]-[65]-12s: [ERROR]-8s>> 调用百度api获取地点信息出错！：出发点和目的地: 东莞市公安局-------快而美照相馆
[2022-01-07 14:37:37,700]-[CasSystemScrapy.py]-[insert_CasTravel]-[396]-12s: [ERROR]-8s>> 将派车单号GA-202112-87新增转化为sql出错：Unexpected Error: 0
[2022-01-07 14:37:37,700]-[CasSystemScrapy.py]-[insert_CasTravel]-[396]-12s: [ERROR]-8s>> 将派车单号GA-202112-87新增转化为sql出错：Unexpected Error: 0
[2022-01-07 14:37:39,250]-[baiduapi.py]-[get_place_accuracy_direction]-[150]-12s: [ERROR]-8s>> 查询地点信息出错！：Unexpected Error: HTTPSConnectionPool(host='api.map.baidu.com', port=443): Max retries exceeded with url: /place/v2/search?query=%E4%B8%9C%E8%8E%9E%E5%B8%82%E7%9F%B3%E9%BE%99%E9%95%87%E9%BB%84%E6%B4%B2%E4%BA%AC%E7%93%B7%E8%B7%AF8%E5%8F%B7&region=%E4%B8%9C%E8%8E%9E%E5%B8%82&output=json&ak=5FOb4Fa180itR3lIYyhC2MU7FQEsdBbq (Caused by SSLError(SSLError(1, '[SSL: WRONG_VERSION_NUMBER] wrong version number (_ssl.c:1076)')))
[2022-01-07 14:37:39,250]-[baiduapi.py]-[get_place_accuracy_direction]-[150]-12s: [ERROR]-8s>> 查询地点信息出错！：Unexpected Error: HTTPSConnectionPool(host='api.map.baidu.com', port=443): Max retries exceeded with url: /place/v2/search?query=%E4%B8%9C%E8%8E%9E%E5%B8%82%E7%9F%B3%E9%BE%99%E9%95%87%E9%BB%84%E6%B4%B2%E4%BA%AC%E7%93%B7%E8%B7%AF8%E5%8F%B7&region=%E4%B8%9C%E8%8E%9E%E5%B8%82&output=json&ak=5FOb4Fa180itR3lIYyhC2MU7FQEsdBbq (Caused by SSLError(SSLError(1, '[SSL: WRONG_VERSION_NUMBER] wrong version number (_ssl.c:1076)')))
[2022-01-07 14:37:39,286]-[baiduapi.py]-[get_place_accuracy_direction]-[150]-12s: [ERROR]-8s>> 查询地点信息出错！：Unexpected Error: HTTPSConnectionPool(host='api.map.baidu.com', port=443): Max retries exceeded with url: /place/v2/search?query=%E7%B2%BE%E6%81%92%E6%9C%BA%E6%A2%B0&region=%E4%B8%9C%E8%8E%9E%E5%B8%82&output=json&ak=5FOb4Fa180itR3lIYyhC2MU7FQEsdBbq (Caused by SSLError(SSLError(1, '[SSL: WRONG_VERSION_NUMBER] wrong version number (_ssl.c:1076)')))
[2022-01-07 14:37:39,286]-[baiduapi.py]-[get_place_accuracy_direction]-[150]-12s: [ERROR]-8s>> 查询地点信息出错！：Unexpected Error: HTTPSConnectionPool(host='api.map.baidu.com', port=443): Max retries exceeded with url: /place/v2/search?query=%E7%B2%BE%E6%81%92%E6%9C%BA%E6%A2%B0&region=%E4%B8%9C%E8%8E%9E%E5%B8%82&output=json&ak=5FOb4Fa180itR3lIYyhC2MU7FQEsdBbq (Caused by SSLError(SSLError(1, '[SSL: WRONG_VERSION_NUMBER] wrong version number (_ssl.c:1076)')))
[2022-01-07 14:37:39,288]-[baiduapi.py]-[get_driving_direction]-[65]-12s: [ERROR]-8s>> 调用百度api获取地点信息出错！：出发点和目的地: SKC-------精恒机械
[2022-01-07 14:37:39,288]-[baiduapi.py]-[get_driving_direction]-[65]-12s: [ERROR]-8s>> 调用百度api获取地点信息出错！：出发点和目的地: SKC-------精恒机械
[2022-01-07 14:37:39,322]-[baiduapi.py]-[get_place_accuracy_direction]-[150]-12s: [ERROR]-8s>> 查询地点信息出错！：Unexpected Error: HTTPSConnectionPool(host='api.map.baidu.com', port=443): Max retries exceeded with url: /place/v2/search?query=%E7%B2%BE%E6%81%92%E6%9C%BA%E6%A2%B0&region=%E4%B8%9C%E8%8E%9E%E5%B8%82&output=json&ak=5FOb4Fa180itR3lIYyhC2MU7FQEsdBbq (Caused by SSLError(SSLError(1, '[SSL: WRONG_VERSION_NUMBER] wrong version number (_ssl.c:1076)')))
[2022-01-07 14:37:39,322]-[baiduapi.py]-[get_place_accuracy_direction]-[150]-12s: [ERROR]-8s>> 查询地点信息出错！：Unexpected Error: HTTPSConnectionPool(host='api.map.baidu.com', port=443): Max retries exceeded with url: /place/v2/search?query=%E7%B2%BE%E6%81%92%E6%9C%BA%E6%A2%B0&region=%E4%B8%9C%E8%8E%9E%E5%B8%82&output=json&ak=5FOb4Fa180itR3lIYyhC2MU7FQEsdBbq (Caused by SSLError(SSLError(1, '[SSL: WRONG_VERSION_NUMBER] wrong version number (_ssl.c:1076)')))
[2022-01-07 14:37:39,362]-[baiduapi.py]-[get_place_accuracy_direction]-[150]-12s: [ERROR]-8s>> 查询地点信息出错！：Unexpected Error: HTTPSConnectionPool(host='api.map.baidu.com', port=443): Max retries exceeded with url: /place/v2/search?query=%E4%B8%9C%E8%8E%9E%E5%B8%82%E7%9F%B3%E9%BE%99%E9%95%87%E9%BB%84%E6%B4%B2%E4%BA%AC%E7%93%B7%E8%B7%AF8%E5%8F%B7&region=%E4%B8%9C%E8%8E%9E%E5%B8%82&output=json&ak=5FOb4Fa180itR3lIYyhC2MU7FQEsdBbq (Caused by SSLError(SSLError(1, '[SSL: WRONG_VERSION_NUMBER] wrong version number (_ssl.c:1076)')))
[2022-01-07 14:37:39,362]-[baiduapi.py]-[get_place_accuracy_direction]-[150]-12s: [ERROR]-8s>> 查询地点信息出错！：Unexpected Error: HTTPSConnectionPool(host='api.map.baidu.com', port=443): Max retries exceeded with url: /place/v2/search?query=%E4%B8%9C%E8%8E%9E%E5%B8%82%E7%9F%B3%E9%BE%99%E9%95%87%E9%BB%84%E6%B4%B2%E4%BA%AC%E7%93%B7%E8%B7%AF8%E5%8F%B7&region=%E4%B8%9C%E8%8E%9E%E5%B8%82&output=json&ak=5FOb4Fa180itR3lIYyhC2MU7FQEsdBbq (Caused by SSLError(SSLError(1, '[SSL: WRONG_VERSION_NUMBER] wrong version number (_ssl.c:1076)')))
[2022-01-07 14:37:39,364]-[baiduapi.py]-[get_driving_direction]-[65]-12s: [ERROR]-8s>> 调用百度api获取地点信息出错！：出发点和目的地: 精恒机械-------SKC
[2022-01-07 14:37:39,364]-[baiduapi.py]-[get_driving_direction]-[65]-12s: [ERROR]-8s>> 调用百度api获取地点信息出错！：出发点和目的地: 精恒机械-------SKC
[2022-01-07 14:47:07,160]-[baiduapi.py]-[get_place_accuracy_direction]-[150]-12s: [ERROR]-8s>> 查询地点信息出错！：Unexpected Error: HTTPSConnectionPool(host='api.map.baidu.com', port=443): Max retries exceeded with url: /place/v2/search?query=%E4%B8%9C%E8%8E%9E%E5%B8%82%E7%9F%B3%E9%BE%99%E9%95%87%E6%96%B0%E5%9F%8E%E5%8C%BA%E4%BA%AC%E7%93%B7%E8%B7%AF8%E5%8F%B7&region=%E4%B8%9C%E8%8E%9E%E5%B8%82&output=json&ak=5FOb4Fa180itR3lIYyhC2MU7FQEsdBbq (Caused by SSLError(SSLError(1, '[SSL: WRONG_VERSION_NUMBER] wrong version number (_ssl.c:1076)')))
[2022-01-07 14:47:07,216]-[baiduapi.py]-[get_place_accuracy_direction]-[150]-12s: [ERROR]-8s>> 查询地点信息出错！：Unexpected Error: HTTPSConnectionPool(host='api.map.baidu.com', port=443): Max retries exceeded with url: /place/v2/search?query=%E5%B9%BF%E5%B7%9E%E7%99%BD%E4%BA%91%E6%9C%BA%E5%9C%BA&region=%E4%B8%9C%E8%8E%9E%E5%B8%82&output=json&ak=5FOb4Fa180itR3lIYyhC2MU7FQEsdBbq (Caused by SSLError(SSLError(1, '[SSL: WRONG_VERSION_NUMBER] wrong version number (_ssl.c:1076)')))
[2022-01-07 14:47:07,218]-[baiduapi.py]-[get_driving_direction]-[65]-12s: [ERROR]-8s>> 调用百度api获取地点信息出错！：出发点和目的地: 东莞市石龙镇新城区京瓷路8号-------广州白云机场
[2022-01-07 14:47:31,429]-[baiduapi.py]-[get_place_accuracy_direction]-[150]-12s: [ERROR]-8s>> 查询地点信息出错！：Unexpected Error: HTTPSConnectionPool(host='api.map.baidu.com', port=443): Max retries exceeded with url: /place/v2/search?query=%E4%B8%9C%E8%8E%9E%E5%B8%82%E7%9F%B3%E9%BE%99%E9%95%87%E6%96%B0%E5%9F%8E%E5%8C%BA%E4%BA%AC%E7%93%B7%E8%B7%AF8%E5%8F%B7&region=%E4%B8%9C%E8%8E%9E%E5%B8%82&output=json&ak=5FOb4Fa180itR3lIYyhC2MU7FQEsdBbq (Caused by SSLError(SSLError(1, '[SSL: WRONG_VERSION_NUMBER] wrong version number (_ssl.c:1076)')))
[2022-01-07 14:48:04,669]-[baiduapi.py]-[get_place_accuracy_direction]-[150]-12s: [ERROR]-8s>> 查询地点信息出错！：Unexpected Error: HTTPSConnectionPool(host='api.map.baidu.com', port=443): Max retries exceeded with url: /place/v2/search?query=%E4%B8%9C%E8%8E%9E%E5%B8%82%E7%9F%B3%E9%BE%99%E9%95%87%E6%96%B0%E5%9F%8E%E5%8C%BA%E4%BA%AC%E7%93%B7%E8%B7%AF8%E5%8F%B7&region=%E4%B8%9C%E8%8E%9E%E5%B8%82&output=json&ak=5FOb4Fa180itR3lIYyhC2MU7FQEsdBbq (Caused by SSLError(SSLError(1, '[SSL: WRONG_VERSION_NUMBER] wrong version number (_ssl.c:1076)')))
[2022-01-07 14:51:10,066]-[baiduapi.py]-[get_place_accuracy_direction]-[150]-12s: [ERROR]-8s>> 查询地点信息出错！：Unexpected Error: HTTPSConnectionPool(host='api.map.baidu.com', port=443): Max retries exceeded with url: /place/v2/search?query=%E4%B8%9C%E8%8E%9E%E5%B8%82%E7%9F%B3%E9%BE%99%E9%95%87%E6%96%B0%E5%9F%8E%E5%8C%BA%E4%BA%AC%E7%93%B7%E8%B7%AF8%E5%8F%B7&region=%E4%B8%9C%E8%8E%9E%E5%B8%82&output=json&ak=5FOb4Fa180itR3lIYyhC2MU7FQEsdBbq (Caused by SSLError(SSLError(1, '[SSL: WRONG_VERSION_NUMBER] wrong version number (_ssl.c:1076)')))
[2022-01-07 14:51:12,626]-[baiduapi.py]-[get_place_accuracy_direction]-[150]-12s: [ERROR]-8s>> 查询地点信息出错！：Unexpected Error: HTTPSConnectionPool(host='api.map.baidu.com', port=443): Max retries exceeded with url: /place/v2/search?query=%E5%B9%BF%E5%B7%9E%E7%99%BD%E4%BA%91%E6%9C%BA%E5%9C%BA&region=%E4%B8%9C%E8%8E%9E%E5%B8%82&output=json&ak=5FOb4Fa180itR3lIYyhC2MU7FQEsdBbq (Caused by SSLError(SSLError(1, '[SSL: WRONG_VERSION_NUMBER] wrong version number (_ssl.c:1076)')))
[2022-01-07 14:51:13,565]-[baiduapi.py]-[get_driving_direction]-[65]-12s: [ERROR]-8s>> 调用百度api获取地点信息出错！：出发点和目的地: 东莞市石龙镇新城区京瓷路8号-------广州白云机场
[2022-01-07 14:52:40,160]-[baiduapi.py]-[get_place_accuracy_direction]-[150]-12s: [ERROR]-8s>> 查询地点信息出错！：Unexpected Error: HTTPSConnectionPool(host='api.map.baidu.com', port=443): Max retries exceeded with url: /place/v2/search?query=%E4%B8%9C%E8%8E%9E%E5%B8%82%E7%9F%B3%E9%BE%99%E9%95%87%E6%96%B0%E5%9F%8E%E5%8C%BA%E4%BA%AC%E7%93%B7%E8%B7%AF8%E5%8F%B7&region=%E4%B8%9C%E8%8E%9E%E5%B8%82&output=json&ak=5FOb4Fa180itR3lIYyhC2MU7FQEsdBbq (Caused by SSLError(SSLError(1, '[SSL: WRONG_VERSION_NUMBER] wrong version number (_ssl.c:1076)')))
[2022-01-07 14:53:36,114]-[baiduapi.py]-[get_place_accuracy_direction]-[150]-12s: [ERROR]-8s>> 查询地点信息出错！：Unexpected Error: HTTPSConnectionPool(host='api.map.baidu.com', port=443): Max retries exceeded with url: /place/v2/search?query=%E5%B9%BF%E5%B7%9E%E7%99%BD%E4%BA%91%E6%9C%BA%E5%9C%BA&region=%E4%B8%9C%E8%8E%9E%E5%B8%82&output=json&ak=5FOb4Fa180itR3lIYyhC2MU7FQEsdBbq (Caused by SSLError(SSLError(1, '[SSL: WRONG_VERSION_NUMBER] wrong version number (_ssl.c:1076)')))
[2022-01-07 15:01:22,747]-[baiduapi.py]-[get_place_accuracy_direction]-[150]-12s: [ERROR]-8s>> 查询地点信息出错！：Unexpected Error: HTTPSConnectionPool(host='api.map.baidu.com', port=443): Max retries exceeded with url: /place/v2/search?query=%E4%B8%9C%E8%8E%9E%E5%B8%82%E7%9F%B3%E9%BE%99%E9%95%87%E6%96%B0%E5%9F%8E%E5%8C%BA%E4%BA%AC%E7%93%B7%E8%B7%AF8%E5%8F%B7&region=%E4%B8%9C%E8%8E%9E%E5%B8%82&output=json&ak=5FOb4Fa180itR3lIYyhC2MU7FQEsdBbq (Caused by SSLError(SSLError(1, '[SSL: WRONG_VERSION_NUMBER] wrong version number (_ssl.c:1076)')))
[2022-01-07 15:04:42,262]-[CasSystemScrapy.py]-[<module>]-[815]-12s: [INFO]-8s>> 开始获取BWF Cookie
[2022-01-07 15:04:42,262]-[CasSystemScrapy.py]-[<module>]-[815]-12s: [INFO]-8s>> 开始获取BWF Cookie
[2022-01-07 15:04:42,264]-[CasSystemScrapy.py]-[<module>]-[822]-12s: [INFO]-8s>> 开始获取用车申请单列表信息
[2022-01-07 15:04:42,264]-[CasSystemScrapy.py]-[<module>]-[822]-12s: [INFO]-8s>> 开始获取用车申请单列表信息
[2022-01-07 15:04:45,627]-[CasSystemScrapy.py]-[<module>]-[826]-12s: [INFO]-8s>> 开始获取用车申请单-取消，退回 列表信息
[2022-01-07 15:04:45,627]-[CasSystemScrapy.py]-[<module>]-[826]-12s: [INFO]-8s>> 开始获取用车申请单-取消，退回 列表信息
[2022-01-07 15:04:46,393]-[CasSystemScrapy.py]-[<module>]-[836]-12s: [INFO]-8s>> 开始对用车申请列表进行处理
[2022-01-07 15:04:46,393]-[CasSystemScrapy.py]-[<module>]-[836]-12s: [INFO]-8s>> 开始对用车申请列表进行处理
[2022-01-07 15:05:04,981]-[baiduapi.py]-[get_place_accuracy_direction]-[150]-12s: [ERROR]-8s>> 查询地点信息出错！：Unexpected Error: list index out of range
[2022-01-07 15:05:04,981]-[baiduapi.py]-[get_place_accuracy_direction]-[150]-12s: [ERROR]-8s>> 查询地点信息出错！：Unexpected Error: list index out of range
[2022-01-07 15:05:04,983]-[baiduapi.py]-[get_driving_direction]-[65]-12s: [ERROR]-8s>> 调用百度api获取地点信息出错！：出发点和目的地: SKC-------KDTCN(正门)
[2022-01-07 15:05:04,983]-[baiduapi.py]-[get_driving_direction]-[65]-12s: [ERROR]-8s>> 调用百度api获取地点信息出错！：出发点和目的地: SKC-------KDTCN(正门)
[2022-01-07 15:05:04,985]-[CasSystemScrapy.py]-[insert_CasTravel]-[396]-12s: [ERROR]-8s>> 将派车单号GA-202112-105新增转化为sql出错：Unexpected Error: 0
[2022-01-07 15:05:04,985]-[CasSystemScrapy.py]-[insert_CasTravel]-[396]-12s: [ERROR]-8s>> 将派车单号GA-202112-105新增转化为sql出错：Unexpected Error: 0
[2022-01-07 15:05:17,192]-[CasSystemScrapy.py]-[insert_CasTravel]-[396]-12s: [ERROR]-8s>> 将派车单号GA-202112-102新增转化为sql出错：Unexpected Error: 0
[2022-01-07 15:05:17,192]-[CasSystemScrapy.py]-[insert_CasTravel]-[396]-12s: [ERROR]-8s>> 将派车单号GA-202112-102新增转化为sql出错：Unexpected Error: 0
[2022-01-07 15:06:34,335]-[baiduapi.py]-[get_driving_direction]-[65]-12s: [ERROR]-8s>> 调用百度api获取地点信息出错！：出发点和目的地: 2号宿舍-------SKC
[2022-01-07 15:06:34,335]-[baiduapi.py]-[get_driving_direction]-[65]-12s: [ERROR]-8s>> 调用百度api获取地点信息出错！：出发点和目的地: 2号宿舍-------SKC
[2022-01-07 15:06:48,303]-[CasSystemScrapy.py]-[insert_CasTravel]-[396]-12s: [ERROR]-8s>> 将派车单号GA-202112-87新增转化为sql出错：Unexpected Error: 0
[2022-01-07 15:06:48,303]-[CasSystemScrapy.py]-[insert_CasTravel]-[396]-12s: [ERROR]-8s>> 将派车单号GA-202112-87新增转化为sql出错：Unexpected Error: 0
[2022-01-07 15:17:58,761]-[CasSystemScrapy.py]-[<module>]-[815]-12s: [INFO]-8s>> 开始获取BWF Cookie
[2022-01-07 15:17:58,761]-[CasSystemScrapy.py]-[<module>]-[815]-12s: [INFO]-8s>> 开始获取BWF Cookie
[2022-01-07 15:17:58,762]-[CasSystemScrapy.py]-[<module>]-[822]-12s: [INFO]-8s>> 开始获取用车申请单列表信息
[2022-01-07 15:17:58,762]-[CasSystemScrapy.py]-[<module>]-[822]-12s: [INFO]-8s>> 开始获取用车申请单列表信息
[2022-01-07 15:18:03,274]-[CasSystemScrapy.py]-[<module>]-[826]-12s: [INFO]-8s>> 开始获取用车申请单-取消，退回 列表信息
[2022-01-07 15:18:03,274]-[CasSystemScrapy.py]-[<module>]-[826]-12s: [INFO]-8s>> 开始获取用车申请单-取消，退回 列表信息
[2022-01-07 15:18:04,615]-[CasSystemScrapy.py]-[<module>]-[836]-12s: [INFO]-8s>> 开始对用车申请列表进行处理
[2022-01-07 15:18:04,615]-[CasSystemScrapy.py]-[<module>]-[836]-12s: [INFO]-8s>> 开始对用车申请列表进行处理
[2022-01-07 15:18:10,280]-[baiduapi.py]-[get_place_accuracy_direction]-[150]-12s: [ERROR]-8s>> 查询地点信息出错！：Unexpected Error: list index out of range
[2022-01-07 15:18:10,280]-[baiduapi.py]-[get_place_accuracy_direction]-[150]-12s: [ERROR]-8s>> 查询地点信息出错！：Unexpected Error: list index out of range
[2022-01-07 15:18:10,280]-[baiduapi.py]-[get_driving_direction]-[65]-12s: [ERROR]-8s>> 调用百度api获取地点信息出错！：出发点和目的地: SKC-------KDTCN(正门)
[2022-01-07 15:18:10,280]-[baiduapi.py]-[get_driving_direction]-[65]-12s: [ERROR]-8s>> 调用百度api获取地点信息出错！：出发点和目的地: SKC-------KDTCN(正门)
[2022-01-07 15:18:10,283]-[CasSystemScrapy.py]-[insert_CasTravel]-[396]-12s: [ERROR]-8s>> 将派车单号GA-202112-105新增转化为sql出错：Unexpected Error: 0
[2022-01-07 15:18:10,283]-[CasSystemScrapy.py]-[insert_CasTravel]-[396]-12s: [ERROR]-8s>> 将派车单号GA-202112-105新增转化为sql出错：Unexpected Error: 0
[2022-01-07 15:18:12,645]-[CasSystemScrapy.py]-[insert_CasTravel]-[396]-12s: [ERROR]-8s>> 将派车单号GA-202112-102新增转化为sql出错：Unexpected Error: 0
[2022-01-07 15:18:12,645]-[CasSystemScrapy.py]-[insert_CasTravel]-[396]-12s: [ERROR]-8s>> 将派车单号GA-202112-102新增转化为sql出错：Unexpected Error: 0
[2022-01-07 15:18:15,198]-[CasSystemScrapy.py]-[insert_CasTravel]-[396]-12s: [ERROR]-8s>> 将派车单号GA-202112-87新增转化为sql出错：Unexpected Error: 0
[2022-01-07 15:18:15,198]-[CasSystemScrapy.py]-[insert_CasTravel]-[396]-12s: [ERROR]-8s>> 将派车单号GA-202112-87新增转化为sql出错：Unexpected Error: 0
[2022-01-07 15:21:47,617]-[CasSystemScrapy.py]-[<module>]-[815]-12s: [INFO]-8s>> 开始获取BWF Cookie
[2022-01-07 15:21:47,617]-[CasSystemScrapy.py]-[<module>]-[815]-12s: [INFO]-8s>> 开始获取BWF Cookie
[2022-01-07 15:21:47,618]-[CasSystemScrapy.py]-[<module>]-[822]-12s: [INFO]-8s>> 开始获取用车申请单列表信息
[2022-01-07 15:21:47,618]-[CasSystemScrapy.py]-[<module>]-[822]-12s: [INFO]-8s>> 开始获取用车申请单列表信息
[2022-01-07 15:21:51,144]-[CasSystemScrapy.py]-[<module>]-[826]-12s: [INFO]-8s>> 开始获取用车申请单-取消，退回 列表信息
[2022-01-07 15:21:51,144]-[CasSystemScrapy.py]-[<module>]-[826]-12s: [INFO]-8s>> 开始获取用车申请单-取消，退回 列表信息
[2022-01-07 15:21:51,763]-[CasSystemScrapy.py]-[<module>]-[836]-12s: [INFO]-8s>> 开始对用车申请列表进行处理
[2022-01-07 15:21:51,763]-[CasSystemScrapy.py]-[<module>]-[836]-12s: [INFO]-8s>> 开始对用车申请列表进行处理
[2022-01-07 15:22:02,290]-[baiduapi.py]-[get_place_accuracy_direction]-[150]-12s: [ERROR]-8s>> 查询地点信息出错！：Unexpected Error: list index out of range
[2022-01-07 15:22:02,290]-[baiduapi.py]-[get_place_accuracy_direction]-[150]-12s: [ERROR]-8s>> 查询地点信息出错！：Unexpected Error: list index out of range
[2022-01-07 15:22:02,292]-[baiduapi.py]-[get_driving_direction]-[65]-12s: [ERROR]-8s>> 调用百度api获取地点信息出错！：出发点和目的地: SKC-------KDTCN(正门)
[2022-01-07 15:22:02,292]-[baiduapi.py]-[get_driving_direction]-[65]-12s: [ERROR]-8s>> 调用百度api获取地点信息出错！：出发点和目的地: SKC-------KDTCN(正门)
[2022-01-07 15:24:37,081]-[CasSystemScrapy.py]-[insert_CasTravel]-[396]-12s: [ERROR]-8s>> 将派车单号GA-202112-105新增转化为sql出错：Unexpected Error: 0
[2022-01-07 15:24:37,081]-[CasSystemScrapy.py]-[insert_CasTravel]-[396]-12s: [ERROR]-8s>> 将派车单号GA-202112-105新增转化为sql出错：Unexpected Error: 0
[2022-01-07 15:24:53,217]-[CasSystemScrapy.py]-[<module>]-[815]-12s: [INFO]-8s>> 开始获取BWF Cookie
[2022-01-07 15:24:53,217]-[CasSystemScrapy.py]-[<module>]-[815]-12s: [INFO]-8s>> 开始获取BWF Cookie
[2022-01-07 15:24:53,218]-[CasSystemScrapy.py]-[<module>]-[822]-12s: [INFO]-8s>> 开始获取用车申请单列表信息
[2022-01-07 15:24:53,218]-[CasSystemScrapy.py]-[<module>]-[822]-12s: [INFO]-8s>> 开始获取用车申请单列表信息
[2022-01-07 15:24:55,617]-[CasSystemScrapy.py]-[<module>]-[826]-12s: [INFO]-8s>> 开始获取用车申请单-取消，退回 列表信息
[2022-01-07 15:24:55,617]-[CasSystemScrapy.py]-[<module>]-[826]-12s: [INFO]-8s>> 开始获取用车申请单-取消，退回 列表信息
[2022-01-07 15:24:56,290]-[CasSystemScrapy.py]-[<module>]-[836]-12s: [INFO]-8s>> 开始对用车申请列表进行处理
[2022-01-07 15:24:56,290]-[CasSystemScrapy.py]-[<module>]-[836]-12s: [INFO]-8s>> 开始对用车申请列表进行处理
[2022-01-07 15:25:05,392]-[baiduapi.py]-[get_place_accuracy_direction]-[150]-12s: [ERROR]-8s>> 查询地点信息出错！：Unexpected Error: list index out of range
[2022-01-07 15:25:05,392]-[baiduapi.py]-[get_place_accuracy_direction]-[150]-12s: [ERROR]-8s>> 查询地点信息出错！：Unexpected Error: list index out of range
[2022-01-07 15:25:05,393]-[baiduapi.py]-[get_driving_direction]-[65]-12s: [ERROR]-8s>> 调用百度api获取地点信息出错！：出发点和目的地: SKC-------KDTCN(正门)
[2022-01-07 15:25:05,393]-[baiduapi.py]-[get_driving_direction]-[65]-12s: [ERROR]-8s>> 调用百度api获取地点信息出错！：出发点和目的地: SKC-------KDTCN(正门)
[2022-01-07 15:28:06,141]-[CasSystemScrapy.py]-[insert_CasTravel]-[396]-12s: [ERROR]-8s>> 将派车单号GA-202112-105新增转化为sql出错：Unexpected Error: 0
[2022-01-07 15:28:06,141]-[CasSystemScrapy.py]-[insert_CasTravel]-[396]-12s: [ERROR]-8s>> 将派车单号GA-202112-105新增转化为sql出错：Unexpected Error: 0
[2022-01-07 15:38:05,546]-[CasSystemScrapy.py]-[<module>]-[818]-12s: [INFO]-8s>> 开始获取BWF Cookie
[2022-01-07 15:38:05,546]-[CasSystemScrapy.py]-[<module>]-[818]-12s: [INFO]-8s>> 开始获取BWF Cookie
[2022-01-07 15:38:05,547]-[CasSystemScrapy.py]-[<module>]-[825]-12s: [INFO]-8s>> 开始获取用车申请单列表信息
[2022-01-07 15:38:05,547]-[CasSystemScrapy.py]-[<module>]-[825]-12s: [INFO]-8s>> 开始获取用车申请单列表信息
[2022-01-07 15:38:08,022]-[CasSystemScrapy.py]-[<module>]-[829]-12s: [INFO]-8s>> 开始获取用车申请单-取消，退回 列表信息
[2022-01-07 15:38:08,022]-[CasSystemScrapy.py]-[<module>]-[829]-12s: [INFO]-8s>> 开始获取用车申请单-取消，退回 列表信息
[2022-01-07 15:38:08,638]-[CasSystemScrapy.py]-[<module>]-[839]-12s: [INFO]-8s>> 开始对用车申请列表进行处理
[2022-01-07 15:38:08,638]-[CasSystemScrapy.py]-[<module>]-[839]-12s: [INFO]-8s>> 开始对用车申请列表进行处理
[2022-01-07 15:39:03,479]-[baiduapi.py]-[get_place_accuracy_direction]-[150]-12s: [ERROR]-8s>> 查询地点信息出错！：Unexpected Error: list index out of range
[2022-01-07 15:39:03,479]-[baiduapi.py]-[get_place_accuracy_direction]-[150]-12s: [ERROR]-8s>> 查询地点信息出错！：Unexpected Error: list index out of range
[2022-01-07 15:39:03,480]-[baiduapi.py]-[get_driving_direction]-[65]-12s: [ERROR]-8s>> 调用百度api获取地点信息出错！：出发点和目的地: SKC-------KDTCN(正门)
[2022-01-07 15:39:03,480]-[baiduapi.py]-[get_driving_direction]-[65]-12s: [ERROR]-8s>> 调用百度api获取地点信息出错！：出发点和目的地: SKC-------KDTCN(正门)
[2022-01-07 15:39:04,272]-[CasSystemScrapy.py]-[insert_CasTravel]-[397]-12s: [ERROR]-8s>> 将派车单号GA-202112-105新增转化为sql出错：Unexpected Error: 0
[2022-01-07 15:39:04,272]-[CasSystemScrapy.py]-[insert_CasTravel]-[397]-12s: [ERROR]-8s>> 将派车单号GA-202112-105新增转化为sql出错：Unexpected Error: 0
[2022-01-07 15:39:07,692]-[baiduapi.py]-[get_driving_direction]-[65]-12s: [ERROR]-8s>> 调用百度api获取地点信息出错！：出发点和目的地: 广州维也纳酒店-------1号宿舍
[2022-01-07 15:39:07,692]-[baiduapi.py]-[get_driving_direction]-[65]-12s: [ERROR]-8s>> 调用百度api获取地点信息出错！：出发点和目的地: 广州维也纳酒店-------1号宿舍
[2022-01-07 15:44:49,673]-[CasSystemScrapy.py]-[<module>]-[818]-12s: [INFO]-8s>> 开始获取BWF Cookie
[2022-01-07 15:44:49,673]-[CasSystemScrapy.py]-[<module>]-[818]-12s: [INFO]-8s>> 开始获取BWF Cookie
[2022-01-07 15:44:49,674]-[CasSystemScrapy.py]-[<module>]-[825]-12s: [INFO]-8s>> 开始获取用车申请单列表信息
[2022-01-07 15:44:49,674]-[CasSystemScrapy.py]-[<module>]-[825]-12s: [INFO]-8s>> 开始获取用车申请单列表信息
[2022-01-07 15:44:52,028]-[CasSystemScrapy.py]-[<module>]-[829]-12s: [INFO]-8s>> 开始获取用车申请单-取消，退回 列表信息
[2022-01-07 15:44:52,028]-[CasSystemScrapy.py]-[<module>]-[829]-12s: [INFO]-8s>> 开始获取用车申请单-取消，退回 列表信息
[2022-01-07 15:44:52,699]-[CasSystemScrapy.py]-[<module>]-[839]-12s: [INFO]-8s>> 开始对用车申请列表进行处理
[2022-01-07 15:44:52,699]-[CasSystemScrapy.py]-[<module>]-[839]-12s: [INFO]-8s>> 开始对用车申请列表进行处理
[2022-01-07 15:44:54,460]-[baiduapi.py]-[get_place_accuracy_direction]-[150]-12s: [ERROR]-8s>> 查询地点信息出错！：Unexpected Error: list index out of range
[2022-01-07 15:44:54,460]-[baiduapi.py]-[get_place_accuracy_direction]-[150]-12s: [ERROR]-8s>> 查询地点信息出错！：Unexpected Error: list index out of range
[2022-01-07 15:44:54,461]-[baiduapi.py]-[get_driving_direction]-[65]-12s: [ERROR]-8s>> 调用百度api获取地点信息出错！：出发点和目的地: SKC-------KDTCN(正门)
[2022-01-07 15:44:54,461]-[baiduapi.py]-[get_driving_direction]-[65]-12s: [ERROR]-8s>> 调用百度api获取地点信息出错！：出发点和目的地: SKC-------KDTCN(正门)
[2022-01-07 15:44:54,463]-[CasSystemScrapy.py]-[insert_CasTravel]-[397]-12s: [ERROR]-8s>> 将派车单号GA-202112-105新增转化为sql出错：Unexpected Error: 0
[2022-01-07 15:44:54,463]-[CasSystemScrapy.py]-[insert_CasTravel]-[397]-12s: [ERROR]-8s>> 将派车单号GA-202112-105新增转化为sql出错：Unexpected Error: 0
[2022-01-07 15:46:59,838]-[CasSystemScrapy.py]-[insert_CasTravel]-[397]-12s: [ERROR]-8s>> 将派车单号GA-202112-102新增转化为sql出错：Unexpected Error: 0
[2022-01-07 15:46:59,838]-[CasSystemScrapy.py]-[insert_CasTravel]-[397]-12s: [ERROR]-8s>> 将派车单号GA-202112-102新增转化为sql出错：Unexpected Error: 0
[2022-01-07 15:51:39,264]-[baiduapi.py]-[get_driving_direction]-[65]-12s: [ERROR]-8s>> 调用百度api获取地点信息出错！：出发点和目的地: 商贸市场-------SKC
[2022-01-07 15:51:39,264]-[baiduapi.py]-[get_driving_direction]-[65]-12s: [ERROR]-8s>> 调用百度api获取地点信息出错！：出发点和目的地: 商贸市场-------SKC
[2022-01-07 15:52:11,495]-[baiduapi.py]-[get_driving_direction]-[65]-12s: [ERROR]-8s>> 调用百度api获取地点信息出错！：出发点和目的地: SKC-------安捷利
[2022-01-07 15:52:11,495]-[baiduapi.py]-[get_driving_direction]-[65]-12s: [ERROR]-8s>> 调用百度api获取地点信息出错！：出发点和目的地: SKC-------安捷利
[2022-01-07 15:52:15,731]-[baiduapi.py]-[get_driving_direction]-[65]-12s: [ERROR]-8s>> 调用百度api获取地点信息出错！：出发点和目的地: SKC-------广东科技学院（南城校区）北门
[2022-01-07 15:52:15,731]-[baiduapi.py]-[get_driving_direction]-[65]-12s: [ERROR]-8s>> 调用百度api获取地点信息出错！：出发点和目的地: SKC-------广东科技学院（南城校区）北门
